#
# There is insufficient memory for the Java Runtime Environment to continue.
# Native memory allocation (mmap) failed to map 54525952 bytes for G1 virtual space
# Possible reasons:
#   The system is out of physical RAM or swap space
#   The process is running with CompressedOops enabled, and the Java Heap may be blocking the growth of the native heap
# Possible solutions:
#   Reduce memory load on the system
#   Increase physical memory or swap space
#   Check if swap backing store is full
#   Decrease Java heap size (-Xmx/-Xms)
#   Decrease number of Java threads
#   Decrease Java thread stack sizes (-Xss)
#   Set larger code cache with -XX:ReservedCodeCacheSize=
#   JVM is running with Unscaled Compressed Oops mode in which the Java heap is
#     placed in the first 4GB address space. The Java Heap base address is the
#     maximum limit for the native heap growth. Please use -XX:HeapBaseMinAddress
#     to set the Java Heap base and to place the Java Heap above 4GB virtual address.
# This output file may be truncated or incomplete.
#
#  Out of Memory Error (os_windows.cpp:3769), pid=12192, tid=9408
#
# JRE version: OpenJDK Runtime Environment (17.0.6) (build 17.0.6+0-b2043.56-10027231)
# Java VM: OpenJDK 64-Bit Server VM (17.0.6+0-b2043.56-10027231, mixed mode, tiered, compressed oops, compressed class ptrs, g1 gc, windows-amd64)
# No core dump will be written. Minidumps are not enabled by default on client versions of Windows
#

---------------  S U M M A R Y ------------

Command Line: org.jetbrains.kotlin.cli.jvm.K2JVMCompiler @C:\CODE_PLAYGROUND\Travist\app\build\20231011_2021110639380000764.compiler.options

Host: AMD A4-3300M APU with Radeon(tm) HD Graphics, 2 cores, 3G,  Windows 10 , 64 bit Build 19041 (10.0.19041.3393)
Time: Wed Oct 11 21:45:48 2023 Pacific Daylight Time elapsed time: 14.318269 seconds (0d 0h 0m 14s)

---------------  T H R E A D  ---------------

Current thread (0x00000203dceea290):  VMThread "VM Thread" [stack: 0x000000389fa00000,0x000000389fb00000] [id=9408]

Stack: [0x000000389fa00000,0x000000389fb00000]
Native frames: (J=compiled Java code, j=interpreted, Vv=VM code, C=native code)
V  [jvm.dll+0x683c9a]
V  [jvm.dll+0x8427a4]
V  [jvm.dll+0x843f9e]
V  [jvm.dll+0x844603]
V  [jvm.dll+0x249b75]
V  [jvm.dll+0x680b69]
V  [jvm.dll+0x67505a]
V  [jvm.dll+0x309acb]
V  [jvm.dll+0x310f86]
V  [jvm.dll+0x3608ee]
V  [jvm.dll+0x360b1f]
V  [jvm.dll+0x2dfbf8]
V  [jvm.dll+0x2ddec4]
V  [jvm.dll+0x2dd4cc]
V  [jvm.dll+0x321f3b]
V  [jvm.dll+0x848ccb]
V  [jvm.dll+0x849a04]
V  [jvm.dll+0x849f1d]
V  [jvm.dll+0x84a2f4]
V  [jvm.dll+0x84a3c0]
V  [jvm.dll+0x7f274a]
V  [jvm.dll+0x682ad5]
C  [ucrtbase.dll+0x21bb2]
C  [KERNEL32.DLL+0x17344]
C  [ntdll.dll+0x526b1]

VM_Operation (0x000000389f4f9dc0): G1CollectForAllocation, mode: safepoint, requested by thread 0x00000203c498a950


---------------  P R O C E S S  ---------------

Threads class SMR info:
_java_thread_list=0x00000203dd9f7680, length=12, elements={
0x00000203c498a950, 0x00000203dceed720, 0x00000203dceee590, 0x00000203dcf0c220,
0x00000203dcf0dde0, 0x00000203dcf107a0, 0x00000203dcf11150, 0x00000203dcf4f440,
0x00000203dcf53330, 0x00000203dcf56d20, 0x00000203dda169c0, 0x00000203dda3e350
}

Java Threads: ( => current thread )
  0x00000203c498a950 JavaThread "main" [_thread_blocked, id=12220, stack(0x000000389f400000,0x000000389f500000)]
  0x00000203dceed720 JavaThread "Reference Handler" daemon [_thread_blocked, id=9684, stack(0x000000389fb00000,0x000000389fc00000)]
  0x00000203dceee590 JavaThread "Finalizer" daemon [_thread_blocked, id=11380, stack(0x000000389fc00000,0x000000389fd00000)]
  0x00000203dcf0c220 JavaThread "Signal Dispatcher" daemon [_thread_blocked, id=9916, stack(0x000000389fd00000,0x000000389fe00000)]
  0x00000203dcf0dde0 JavaThread "Attach Listener" daemon [_thread_blocked, id=8348, stack(0x000000389fe00000,0x000000389ff00000)]
  0x00000203dcf107a0 JavaThread "Service Thread" daemon [_thread_blocked, id=11672, stack(0x000000389ff00000,0x00000038a0000000)]
  0x00000203dcf11150 JavaThread "Monitor Deflation Thread" daemon [_thread_blocked, id=3268, stack(0x00000038a0000000,0x00000038a0100000)]
  0x00000203dcf4f440 JavaThread "C2 CompilerThread0" daemon [_thread_blocked, id=5336, stack(0x00000038a0100000,0x00000038a0200000)]
  0x00000203dcf53330 JavaThread "C1 CompilerThread0" daemon [_thread_blocked, id=820, stack(0x00000038a0200000,0x00000038a0300000)]
  0x00000203dcf56d20 JavaThread "Sweeper thread" daemon [_thread_blocked, id=5008, stack(0x00000038a0300000,0x00000038a0400000)]
  0x00000203dda169c0 JavaThread "Notification Thread" daemon [_thread_blocked, id=5764, stack(0x00000038a0400000,0x00000038a0500000)]
  0x00000203dda3e350 JavaThread "Common-Cleaner" daemon [_thread_blocked, id=2260, stack(0x00000038a0600000,0x00000038a0700000)]

Other Threads:
=>0x00000203dceea290 VMThread "VM Thread" [stack: 0x000000389fa00000,0x000000389fb00000] [id=9408]
  0x00000203dda372b0 WatcherThread [stack: 0x00000038a0500000,0x00000038a0600000] [id=1304]
  0x00000203c49c22a0 GCTaskThread "GC Thread#0" [stack: 0x000000389f500000,0x000000389f600000] [id=10484]
  0x00000203ddc3f430 GCTaskThread "GC Thread#1" [stack: 0x00000038a0700000,0x00000038a0800000] [id=10768]
  0x00000203c49ca120 ConcurrentGCThread "G1 Main Marker" [stack: 0x000000389f600000,0x000000389f700000] [id=2976]
  0x00000203c49cab30 ConcurrentGCThread "G1 Conc#0" [stack: 0x000000389f700000,0x000000389f800000] [id=2180]
  0x00000203c49fd830 ConcurrentGCThread "G1 Refine#0" [stack: 0x000000389f800000,0x000000389f900000] [id=9836]
  0x00000203df757a50 ConcurrentGCThread "G1 Refine#1" [stack: 0x00000038a0800000,0x00000038a0900000] [id=8812]
  0x00000203c49fe250 ConcurrentGCThread "G1 Service" [stack: 0x000000389f900000,0x000000389fa00000] [id=6488]

Threads with active compile tasks:
C2 CompilerThread0    14353 4707       4       org.jetbrains.kotlin.name.FqNameUnsafe::shortName (56 bytes)

VM state: at safepoint (normal execution)

VM Mutex/Monitor currently owned by a thread:  ([mutex/lock_event])
[0x00000203c4987fc0] Threads_lock - owner thread: 0x00000203dceea290
[0x00000203c4988f80] Heap_lock - owner thread: 0x00000203c498a950

Heap address: 0x00000000c8600000, size: 890 MB, Compressed Oops mode: 32-bit

CDS archive(s) not mapped
Compressed class space mapped at: 0x0000000100000000-0x0000000140000000, reserved size: 1073741824
Narrow klass base: 0x0000000000000000, Narrow klass shift: 3, Narrow klass range: 0x140000000

GC Precious Log:
 CPUs: 2 total, 2 available
 Memory: 3552M
 Large Page Support: Disabled
 NUMA Support: Disabled
 Compressed Oops: Enabled (32-bit)
 Heap Region Size: 1M
 Heap Min Capacity: 8M
 Heap Initial Capacity: 56M
 Heap Max Capacity: 890M
 Pre-touch: Disabled
 Parallel Workers: 2
 Concurrent Workers: 1
 Concurrent Refinement Workers: 2
 Periodic GC: Disabled

Heap:
 garbage-first heap   total 63488K, used 39688K [0x00000000c8600000, 0x0000000100000000)
  region size 1024K, 2 young (2048K), 2 survivors (2048K)
 Metaspace       used 51673K, committed 51968K, reserved 1097728K
  class space    used 6156K, committed 6272K, reserved 1048576K

Heap Regions: E=young(eden), S=young(survivor), O=old, HS=humongous(starts), HC=humongous(continues), CS=collection set, F=free, OA=open archive, CA=closed archive, TAMS=top-at-mark-start (previous, next)
|   0|0x00000000c8600000, 0x00000000c8700000, 0x00000000c8700000|100%|HS|  |TAMS 0x00000000c8700000, 0x00000000c8700000| Complete 
|   1|0x00000000c8700000, 0x00000000c8800000, 0x00000000c8800000|100%|HC|  |TAMS 0x00000000c8800000, 0x00000000c8800000| Complete 
|   2|0x00000000c8800000, 0x00000000c8900000, 0x00000000c8900000|100%|HC|  |TAMS 0x00000000c8900000, 0x00000000c8900000| Complete 
|   3|0x00000000c8900000, 0x00000000c8a00000, 0x00000000c8a00000|100%| O|  |TAMS 0x00000000c8a00000, 0x00000000c8a00000| Untracked 
|   4|0x00000000c8a00000, 0x00000000c8b00000, 0x00000000c8b00000|100%| O|  |TAMS 0x00000000c8b00000, 0x00000000c8b00000| Untracked 
|   5|0x00000000c8b00000, 0x00000000c8c00000, 0x00000000c8c00000|100%| O|  |TAMS 0x00000000c8c00000, 0x00000000c8c00000| Untracked 
|   6|0x00000000c8c00000, 0x00000000c8d00000, 0x00000000c8d00000|100%|HS|  |TAMS 0x00000000c8d00000, 0x00000000c8d00000| Complete 
|   7|0x00000000c8d00000, 0x00000000c8e00000, 0x00000000c8e00000|100%|HC|  |TAMS 0x00000000c8e00000, 0x00000000c8e00000| Complete 
|   8|0x00000000c8e00000, 0x00000000c8f00000, 0x00000000c8f00000|100%|HC|  |TAMS 0x00000000c8f00000, 0x00000000c8f00000| Complete 
|   9|0x00000000c8f00000, 0x00000000c9000000, 0x00000000c9000000|100%| O|  |TAMS 0x00000000c9000000, 0x00000000c9000000| Untracked 
|  10|0x00000000c9000000, 0x00000000c9100000, 0x00000000c9100000|100%| O|  |TAMS 0x00000000c9100000, 0x00000000c9100000| Untracked 
|  11|0x00000000c9100000, 0x00000000c9200000, 0x00000000c9200000|100%| O|  |TAMS 0x00000000c9200000, 0x00000000c9200000| Untracked 
|  12|0x00000000c9200000, 0x00000000c9300000, 0x00000000c9300000|100%| O|  |TAMS 0x00000000c9300000, 0x00000000c9300000| Untracked 
|  13|0x00000000c9300000, 0x00000000c9400000, 0x00000000c9400000|100%| O|  |TAMS 0x00000000c9400000, 0x00000000c9400000| Untracked 
|  14|0x00000000c9400000, 0x00000000c9500000, 0x00000000c9500000|100%| O|  |TAMS 0x00000000c9500000, 0x00000000c9500000| Untracked 
|  15|0x00000000c9500000, 0x00000000c9600000, 0x00000000c9600000|100%| O|  |TAMS 0x00000000c9600000, 0x00000000c9600000| Untracked 
|  16|0x00000000c9600000, 0x00000000c9700000, 0x00000000c9700000|100%| O|  |TAMS 0x00000000c9700000, 0x00000000c9700000| Untracked 
|  17|0x00000000c9700000, 0x00000000c9800000, 0x00000000c9800000|100%| O|  |TAMS 0x00000000c9800000, 0x00000000c9800000| Untracked 
|  18|0x00000000c9800000, 0x00000000c9900000, 0x00000000c9900000|100%| O|  |TAMS 0x00000000c9900000, 0x00000000c9900000| Untracked 
|  19|0x00000000c9900000, 0x00000000c9a00000, 0x00000000c9a00000|100%| O|  |TAMS 0x00000000c9a00000, 0x00000000c9a00000| Untracked 
|  20|0x00000000c9a00000, 0x00000000c9b00000, 0x00000000c9b00000|100%| O|  |TAMS 0x00000000c9b00000, 0x00000000c9b00000| Untracked 
|  21|0x00000000c9b00000, 0x00000000c9c00000, 0x00000000c9c00000|100%| O|  |TAMS 0x00000000c9c00000, 0x00000000c9c00000| Untracked 
|  22|0x00000000c9c00000, 0x00000000c9d00000, 0x00000000c9d00000|100%| O|  |TAMS 0x00000000c9d00000, 0x00000000c9d00000| Untracked 
|  23|0x00000000c9d00000, 0x00000000c9e00000, 0x00000000c9e00000|100%| O|  |TAMS 0x00000000c9e00000, 0x00000000c9e00000| Untracked 
|  24|0x00000000c9e00000, 0x00000000c9f00000, 0x00000000c9f00000|100%|HS|  |TAMS 0x00000000c9f00000, 0x00000000c9f00000| Complete 
|  25|0x00000000c9f00000, 0x00000000ca000000, 0x00000000ca000000|100%|HC|  |TAMS 0x00000000ca000000, 0x00000000ca000000| Complete 
|  26|0x00000000ca000000, 0x00000000ca100000, 0x00000000ca100000|100%| O|  |TAMS 0x00000000ca100000, 0x00000000ca100000| Untracked 
|  27|0x00000000ca100000, 0x00000000ca200000, 0x00000000ca200000|100%| O|  |TAMS 0x00000000ca200000, 0x00000000ca200000| Untracked 
|  28|0x00000000ca200000, 0x00000000ca300000, 0x00000000ca300000|100%| O|  |TAMS 0x00000000ca200000, 0x00000000ca300000| Untracked 
|  29|0x00000000ca300000, 0x00000000ca400000, 0x00000000ca400000|100%| O|  |TAMS 0x00000000ca400000, 0x00000000ca400000| Untracked 
|  30|0x00000000ca400000, 0x00000000ca500000, 0x00000000ca500000|100%| O|  |TAMS 0x00000000ca500000, 0x00000000ca500000| Untracked 
|  31|0x00000000ca500000, 0x00000000ca600000, 0x00000000ca600000|100%| O|  |TAMS 0x00000000ca600000, 0x00000000ca600000| Untracked 
|  32|0x00000000ca600000, 0x00000000ca700000, 0x00000000ca700000|100%| O|  |TAMS 0x00000000ca700000, 0x00000000ca700000| Untracked 
|  33|0x00000000ca700000, 0x00000000ca800000, 0x00000000ca800000|100%| O|  |TAMS 0x00000000ca7bf800, 0x00000000ca800000| Untracked 
|  34|0x00000000ca800000, 0x00000000ca900000, 0x00000000ca900000|100%| O|  |TAMS 0x00000000ca800000, 0x00000000ca900000| Untracked 
|  35|0x00000000ca900000, 0x00000000caa00000, 0x00000000caa00000|100%| O|  |TAMS 0x00000000ca900000, 0x00000000ca900000| Untracked 
|  36|0x00000000caa00000, 0x00000000caacd200, 0x00000000cab00000| 80%| O|  |TAMS 0x00000000caa00000, 0x00000000caa00000| Untracked 
|  37|0x00000000cab00000, 0x00000000cab00000, 0x00000000cac00000|  0%| F|  |TAMS 0x00000000cab00000, 0x00000000cab00000| Untracked 
|  38|0x00000000cac00000, 0x00000000cac00000, 0x00000000cad00000|  0%| F|  |TAMS 0x00000000cac00000, 0x00000000cac00000| Untracked 
|  39|0x00000000cad00000, 0x00000000cad00000, 0x00000000cae00000|  0%| F|  |TAMS 0x00000000cad00000, 0x00000000cad00000| Untracked 
|  40|0x00000000cae00000, 0x00000000cae00000, 0x00000000caf00000|  0%| F|  |TAMS 0x00000000cae00000, 0x00000000cae00000| Untracked 
|  41|0x00000000caf00000, 0x00000000caf00000, 0x00000000cb000000|  0%| F|  |TAMS 0x00000000caf00000, 0x00000000caf00000| Untracked 
|  42|0x00000000cb000000, 0x00000000cb000000, 0x00000000cb100000|  0%| F|  |TAMS 0x00000000cb000000, 0x00000000cb000000| Untracked 
|  43|0x00000000cb100000, 0x00000000cb100000, 0x00000000cb200000|  0%| F|  |TAMS 0x00000000cb100000, 0x00000000cb100000| Untracked 
|  44|0x00000000cb200000, 0x00000000cb200000, 0x00000000cb300000|  0%| F|  |TAMS 0x00000000cb200000, 0x00000000cb200000| Untracked 
|  45|0x00000000cb300000, 0x00000000cb300000, 0x00000000cb400000|  0%| F|  |TAMS 0x00000000cb300000, 0x00000000cb300000| Untracked 
|  46|0x00000000cb400000, 0x00000000cb400000, 0x00000000cb500000|  0%| F|  |TAMS 0x00000000cb400000, 0x00000000cb400000| Untracked 
|  47|0x00000000cb500000, 0x00000000cb5f50e0, 0x00000000cb600000| 95%| S|CS|TAMS 0x00000000cb500000, 0x00000000cb500000| Complete 
|  48|0x00000000cb600000, 0x00000000cb700000, 0x00000000cb700000|100%| S|CS|TAMS 0x00000000cb600000, 0x00000000cb600000| Complete 
|  49|0x00000000cb700000, 0x00000000cb700000, 0x00000000cb800000|  0%| F|  |TAMS 0x00000000cb700000, 0x00000000cb700000| Untracked 
|  50|0x00000000cb800000, 0x00000000cb800000, 0x00000000cb900000|  0%| F|  |TAMS 0x00000000cb800000, 0x00000000cb800000| Untracked 
|  51|0x00000000cb900000, 0x00000000cb900000, 0x00000000cba00000|  0%| F|  |TAMS 0x00000000cb900000, 0x00000000cb900000| Untracked 
|  52|0x00000000cba00000, 0x00000000cba00000, 0x00000000cbb00000|  0%| F|  |TAMS 0x00000000cba00000, 0x00000000cba00000| Untracked 
|  53|0x00000000cbb00000, 0x00000000cbb00000, 0x00000000cbc00000|  0%| F|  |TAMS 0x00000000cbb00000, 0x00000000cbb00000| Untracked 
|  54|0x00000000cbc00000, 0x00000000cbc00000, 0x00000000cbd00000|  0%| F|  |TAMS 0x00000000cbc00000, 0x00000000cbc00000| Untracked 
|  55|0x00000000cbd00000, 0x00000000cbd00000, 0x00000000cbe00000|  0%| F|  |TAMS 0x00000000cbd00000, 0x00000000cbd00000| Untracked 
|  56|0x00000000cbe00000, 0x00000000cbe00000, 0x00000000cbf00000|  0%| F|  |TAMS 0x00000000cbe00000, 0x00000000cbe00000| Untracked 
|  57|0x00000000cbf00000, 0x00000000cbf00000, 0x00000000cc000000|  0%| F|  |TAMS 0x00000000cbf00000, 0x00000000cbf00000| Untracked 
|  58|0x00000000cc000000, 0x00000000cc000000, 0x00000000cc100000|  0%| F|  |TAMS 0x00000000cc000000, 0x00000000cc000000| Untracked 
|  59|0x00000000cc100000, 0x00000000cc100000, 0x00000000cc200000|  0%| F|  |TAMS 0x00000000cc100000, 0x00000000cc100000| Untracked 
|  60|0x00000000cc200000, 0x00000000cc200000, 0x00000000cc300000|  0%| F|  |TAMS 0x00000000cc200000, 0x00000000cc200000| Untracked 
|  61|0x00000000cc300000, 0x00000000cc300000, 0x00000000cc400000|  0%| F|  |TAMS 0x00000000cc300000, 0x00000000cc300000| Untracked 

Card table byte_map: [0x00000203d8c30000,0x00000203d8df0000] _byte_map_base: 0x00000203d85ed000

Marking Bits (Prev, Next): (CMBitMap*) 0x00000203c49c28b0, (CMBitMap*) 0x00000203c49c28f0
 Prev Bits: [0x00000203d8fb0000, 0x00000203d9d98000)
 Next Bits: [0x00000203d9da0000, 0x00000203dab88000)

Polling page: 0x00000203c4810000

Metaspace:

Usage:
  Non-class:     44.45 MB used.
      Class:      6.01 MB used.
       Both:     50.46 MB used.

Virtual space:
  Non-class space:       48.00 MB reserved,      44.62 MB ( 93%) committed,  6 nodes.
      Class space:        1.00 GB reserved,       6.12 MB ( <1%) committed,  1 nodes.
             Both:        1.05 GB reserved,      50.75 MB (  5%) committed. 

Chunk freelists:
   Non-Class:  3.03 MB
       Class:  1.83 MB
        Both:  4.86 MB

MaxMetaspaceSize: unlimited
CompressedClassSpaceSize: 1.00 GB
Initial GC threshold: 21.00 MB
Current GC threshold: 79.69 MB
CDS: off
MetaspaceReclaimPolicy: balanced
 - commit_granule_bytes: 65536.
 - commit_granule_words: 8192.
 - virtual_space_node_default_size: 1048576.
 - enlarge_chunks_in_place: 1.
 - new_chunks_are_fully_committed: 0.
 - uncommit_free_chunks: 1.
 - use_allocation_guard: 0.
 - handle_deallocations: 1.


Internal statistics:

num_allocs_failed_limit: 6.
num_arena_births: 202.
num_arena_deaths: 0.
num_vsnodes_births: 7.
num_vsnodes_deaths: 0.
num_space_committed: 811.
num_space_uncommitted: 0.
num_chunks_returned_to_freelist: 6.
num_chunks_taken_from_freelist: 1671.
num_chunk_merges: 6.
num_chunk_splits: 1366.
num_chunks_enlarged: 1220.
num_purges: 0.
num_inconsistent_stats: 0.

CodeHeap 'non-profiled nmethods': size=120064Kb used=1839Kb max_used=1839Kb free=118224Kb
 bounds [0x00000203d1130000, 0x00000203d13a0000, 0x00000203d8670000]
CodeHeap 'profiled nmethods': size=120000Kb used=10635Kb max_used=10635Kb free=109364Kb
 bounds [0x00000203c9670000, 0x00000203ca0e0000, 0x00000203d0ba0000]
CodeHeap 'non-nmethods': size=5696Kb used=1277Kb max_used=1328Kb free=4419Kb
 bounds [0x00000203d0ba0000, 0x00000203d0e10000, 0x00000203d1130000]
 total_blobs=5335 nmethods=4740 adapters=508
 compilation: enabled
              stopped_count=0, restarted_count=0
 full_count=0

Compilation events (20 events):
Event: 14.274 Thread 0x00000203dcf53330 4754       3       org.jetbrains.kotlin.builtins.jvm.JavaToKotlinClassMap::isReadOnly (13 bytes)
Event: 14.274 Thread 0x00000203dcf53330 nmethod 4754 0x00000203ca0c9f90 code [0x00000203ca0ca140, 0x00000203ca0ca3c8]
Event: 14.274 Thread 0x00000203dcf53330 4755       3       kotlin.jvm.internal.ArrayIterator::hasNext (18 bytes)
Event: 14.275 Thread 0x00000203dcf53330 nmethod 4755 0x00000203ca0ca490 code [0x00000203ca0ca620, 0x00000203ca0ca798]
Event: 14.275 Thread 0x00000203dcf53330 4756       3       org.jetbrains.kotlin.descriptors.annotations.CompositeAnnotations::isEmpty (83 bytes)
Event: 14.276 Thread 0x00000203dcf53330 nmethod 4756 0x00000203ca0ca890 code [0x00000203ca0caac0, 0x00000203ca0cb548]
Event: 14.277 Thread 0x00000203dcf53330 4757       3       org.jetbrains.kotlin.types.KotlinType::equals (56 bytes)
Event: 14.279 Thread 0x00000203dcf53330 nmethod 4757 0x00000203ca0cb790 code [0x00000203ca0cbbc0, 0x00000203ca0cd7a8]
Event: 14.282 Thread 0x00000203dcf53330 4759       3       org.jetbrains.kotlin.load.java.structure.impl.classFiles.BinaryJavaAnnotation::getClassId (59 bytes)
Event: 14.283 Thread 0x00000203dcf53330 nmethod 4759 0x00000203ca0ce010 code [0x00000203ca0ce300, 0x00000203ca0cf318]
Event: 14.284 Thread 0x00000203dcf53330 4760       3       org.jetbrains.kotlin.types.checker.SimpleClassicTypeSystemContext::asFlexibleType (6 bytes)
Event: 14.284 Thread 0x00000203dcf53330 nmethod 4760 0x00000203ca0cf810 code [0x00000203ca0cf9a0, 0x00000203ca0cfac8]
Event: 14.285 Thread 0x00000203dcf53330 4761       3       org.jetbrains.kotlin.resolve.descriptorUtil.DescriptorUtilsKt::getAnnotationClass (37 bytes)
Event: 14.286 Thread 0x00000203dcf53330 nmethod 4761 0x00000203ca0cfb90 code [0x00000203ca0cfe00, 0x00000203ca0d0828]
Event: 14.287 Thread 0x00000203dcf53330 4762       3       org.jetbrains.kotlin.descriptors.impl.FunctionDescriptorImpl::getOverriddenDescriptors (31 bytes)
Event: 14.288 Thread 0x00000203dcf53330 nmethod 4762 0x00000203ca0d0b10 code [0x00000203ca0d0d00, 0x00000203ca0d1278]
Event: 14.289 Thread 0x00000203dcf53330 4763       3       org.jetbrains.kotlin.name.FqNamesUtilKt::isSubpackageOf (30 bytes)
Event: 14.290 Thread 0x00000203dcf53330 nmethod 4763 0x00000203ca0d1410 code [0x00000203ca0d1640, 0x00000203ca0d1e08]
Event: 14.292 Thread 0x00000203dcf53330 4764       3       org.jetbrains.kotlin.load.java.NullabilityAnnotationStatesImpl::get (17 bytes)
Event: 14.292 Thread 0x00000203dcf53330 nmethod 4764 0x00000203ca0d2190 code [0x00000203ca0d23a0, 0x00000203ca0d2a08]

GC Heap History (20 events):
Event: 6.402 GC heap after
{Heap after GC invocations=9 (full 0):
 garbage-first heap   total 46080K, used 21723K [0x00000000c8600000, 0x0000000100000000)
  region size 1024K, 3 young (3072K), 3 survivors (3072K)
 Metaspace       used 34061K, committed 34240K, reserved 1081344K
  class space    used 4324K, committed 4416K, reserved 1048576K
}
Event: 6.947 GC heap before
{Heap before GC invocations=9 (full 0):
 garbage-first heap   total 46080K, used 27867K [0x00000000c8600000, 0x0000000100000000)
  region size 1024K, 11 young (11264K), 3 survivors (3072K)
 Metaspace       used 35891K, committed 36096K, reserved 1081344K
  class space    used 4532K, committed 4608K, reserved 1048576K
}
Event: 6.959 GC heap after
{Heap after GC invocations=10 (full 0):
 garbage-first heap   total 46080K, used 22619K [0x00000000c8600000, 0x0000000100000000)
  region size 1024K, 1 young (1024K), 1 survivors (1024K)
 Metaspace       used 35891K, committed 36096K, reserved 1081344K
  class space    used 4532K, committed 4608K, reserved 1048576K
}
Event: 7.768 GC heap before
{Heap before GC invocations=11 (full 0):
 garbage-first heap   total 46080K, used 34907K [0x00000000c8600000, 0x0000000100000000)
  region size 1024K, 13 young (13312K), 1 survivors (1024K)
 Metaspace       used 37959K, committed 38144K, reserved 1089536K
  class space    used 4793K, committed 4864K, reserved 1048576K
}
Event: 7.778 GC heap after
{Heap after GC invocations=12 (full 0):
 garbage-first heap   total 46080K, used 22372K [0x00000000c8600000, 0x0000000100000000)
  region size 1024K, 2 young (2048K), 2 survivors (2048K)
 Metaspace       used 37959K, committed 38144K, reserved 1089536K
  class space    used 4793K, committed 4864K, reserved 1048576K
}
Event: 7.825 GC heap before
{Heap before GC invocations=12 (full 0):
 garbage-first heap   total 46080K, used 23396K [0x00000000c8600000, 0x0000000100000000)
  region size 1024K, 3 young (3072K), 2 survivors (2048K)
 Metaspace       used 38140K, committed 38336K, reserved 1089536K
  class space    used 4810K, committed 4864K, reserved 1048576K
}
Event: 7.835 GC heap after
{Heap after GC invocations=13 (full 0):
 garbage-first heap   total 58368K, used 22741K [0x00000000c8600000, 0x0000000100000000)
  region size 1024K, 1 young (1024K), 1 survivors (1024K)
 Metaspace       used 38140K, committed 38336K, reserved 1089536K
  class space    used 4810K, committed 4864K, reserved 1048576K
}
Event: 8.764 GC heap before
{Heap before GC invocations=13 (full 0):
 garbage-first heap   total 58368K, used 41173K [0x00000000c8600000, 0x0000000100000000)
  region size 1024K, 19 young (19456K), 1 survivors (1024K)
 Metaspace       used 41835K, committed 42048K, reserved 1089536K
  class space    used 5124K, committed 5184K, reserved 1048576K
}
Event: 8.773 GC heap after
{Heap after GC invocations=14 (full 0):
 garbage-first heap   total 58368K, used 24849K [0x00000000c8600000, 0x0000000100000000)
  region size 1024K, 3 young (3072K), 3 survivors (3072K)
 Metaspace       used 41835K, committed 42048K, reserved 1089536K
  class space    used 5124K, committed 5184K, reserved 1048576K
}
Event: 10.351 GC heap before
{Heap before GC invocations=14 (full 0):
 garbage-first heap   total 58368K, used 42257K [0x00000000c8600000, 0x0000000100000000)
  region size 1024K, 20 young (20480K), 3 survivors (3072K)
 Metaspace       used 46751K, committed 46976K, reserved 1097728K
  class space    used 5716K, committed 5824K, reserved 1048576K
}
Event: 10.367 GC heap after
{Heap after GC invocations=15 (full 0):
 garbage-first heap   total 58368K, used 25758K [0x00000000c8600000, 0x0000000100000000)
  region size 1024K, 2 young (2048K), 2 survivors (2048K)
 Metaspace       used 46751K, committed 46976K, reserved 1097728K
  class space    used 5716K, committed 5824K, reserved 1048576K
}
Event: 11.560 GC heap before
{Heap before GC invocations=15 (full 0):
 garbage-first heap   total 58368K, used 43166K [0x00000000c8600000, 0x0000000100000000)
  region size 1024K, 18 young (18432K), 2 survivors (2048K)
 Metaspace       used 48665K, committed 48960K, reserved 1097728K
  class space    used 5887K, committed 6016K, reserved 1048576K
}
Event: 11.575 GC heap after
{Heap after GC invocations=16 (full 0):
 garbage-first heap   total 58368K, used 31057K [0x00000000c8600000, 0x0000000100000000)
  region size 1024K, 3 young (3072K), 3 survivors (3072K)
 Metaspace       used 48665K, committed 48960K, reserved 1097728K
  class space    used 5887K, committed 6016K, reserved 1048576K
}
Event: 11.905 GC heap before
{Heap before GC invocations=17 (full 0):
 garbage-first heap   total 58368K, used 44369K [0x00000000c8600000, 0x0000000100000000)
  region size 1024K, 16 young (16384K), 3 survivors (3072K)
 Metaspace       used 48692K, committed 48960K, reserved 1097728K
  class space    used 5887K, committed 6016K, reserved 1048576K
}
Event: 11.928 GC heap after
{Heap after GC invocations=18 (full 0):
 garbage-first heap   total 58368K, used 35582K [0x00000000c8600000, 0x0000000100000000)
  region size 1024K, 2 young (2048K), 2 survivors (2048K)
 Metaspace       used 48692K, committed 48960K, reserved 1097728K
  class space    used 5887K, committed 6016K, reserved 1048576K
}
Event: 12.041 GC heap before
{Heap before GC invocations=18 (full 0):
 garbage-first heap   total 58368K, used 44798K [0x00000000c8600000, 0x0000000100000000)
  region size 1024K, 11 young (11264K), 2 survivors (2048K)
 Metaspace       used 48696K, committed 48960K, reserved 1097728K
  class space    used 5887K, committed 6016K, reserved 1048576K
}
Event: 12.047 GC heap after
{Heap after GC invocations=19 (full 0):
 garbage-first heap   total 58368K, used 36284K [0x00000000c8600000, 0x0000000100000000)
  region size 1024K, 1 young (1024K), 1 survivors (1024K)
 Metaspace       used 48696K, committed 48960K, reserved 1097728K
  class space    used 5887K, committed 6016K, reserved 1048576K
}
Event: 12.764 GC heap before
{Heap before GC invocations=20 (full 0):
 garbage-first heap   total 63488K, used 45500K [0x00000000c8600000, 0x0000000100000000)
  region size 1024K, 10 young (10240K), 1 survivors (1024K)
 Metaspace       used 50327K, committed 50560K, reserved 1097728K
  class space    used 6094K, committed 6208K, reserved 1048576K
}
Event: 12.772 GC heap after
{Heap after GC invocations=21 (full 0):
 garbage-first heap   total 63488K, used 37749K [0x00000000c8600000, 0x0000000100000000)
  region size 1024K, 2 young (2048K), 2 survivors (2048K)
 Metaspace       used 50327K, committed 50560K, reserved 1097728K
  class space    used 6094K, committed 6208K, reserved 1048576K
}
Event: 14.293 GC heap before
{Heap before GC invocations=21 (full 0):
 garbage-first heap   total 63488K, used 47989K [0x00000000c8600000, 0x0000000100000000)
  region size 1024K, 13 young (13312K), 2 survivors (2048K)
 Metaspace       used 51673K, committed 51968K, reserved 1097728K
  class space    used 6156K, committed 6272K, reserved 1048576K
}

Dll operation events (2 events):
Event: 0.025 Loaded shared library C:\Program Files\Android\Android Studio1\jbr\bin\java.dll
Event: 3.023 Loaded shared library C:\Program Files\Android\Android Studio1\jbr\bin\verify.dll

Deoptimization events (20 events):
Event: 11.121 Thread 0x00000203c498a950 Uncommon trap: trap_request=0xffffff45 fr.pc=0x00000203d12791bc relative=0x00000000000007fc
Event: 11.121 Thread 0x00000203c498a950 Uncommon trap: reason=unstable_if action=reinterpret pc=0x00000203d12791bc method=java.lang.String.<init>([CIILjava/lang/Void;)V @ 5 c2
Event: 11.121 Thread 0x00000203c498a950 DEOPT PACKING pc=0x00000203d12791bc sp=0x000000389f4f6f00
Event: 11.121 Thread 0x00000203c498a950 DEOPT UNPACKING pc=0x00000203d0bf699d sp=0x000000389f4f6d10 mode 2
Event: 11.122 Thread 0x00000203c498a950 Uncommon trap: trap_request=0xffffff45 fr.pc=0x00000203d12742a8 relative=0x0000000000000568
Event: 11.122 Thread 0x00000203c498a950 Uncommon trap: reason=unstable_if action=reinterpret pc=0x00000203d12742a8 method=java.lang.String.<init>([CIILjava/lang/Void;)V @ 5 c2
Event: 11.122 Thread 0x00000203c498a950 DEOPT PACKING pc=0x00000203d12742a8 sp=0x000000389f4f6e40
Event: 11.122 Thread 0x00000203c498a950 DEOPT UNPACKING pc=0x00000203d0bf699d sp=0x000000389f4f6d00 mode 2
Event: 11.338 Thread 0x00000203c498a950 DEOPT PACKING pc=0x00000203c9cf8a65 sp=0x000000389f4f9210
Event: 11.338 Thread 0x00000203c498a950 DEOPT UNPACKING pc=0x00000203d0bf7124 sp=0x000000389f4f8688 mode 0
Event: 12.023 Thread 0x00000203c498a950 DEOPT PACKING pc=0x00000203c9de544e sp=0x000000389f4fa2d0
Event: 12.023 Thread 0x00000203c498a950 DEOPT UNPACKING pc=0x00000203d0bf7124 sp=0x000000389f4f97d8 mode 0
Event: 12.270 Thread 0x00000203c498a950 DEOPT PACKING pc=0x00000203c9cf8a65 sp=0x000000389f4fabb0
Event: 12.270 Thread 0x00000203c498a950 DEOPT UNPACKING pc=0x00000203d0bf7124 sp=0x000000389f4fa000 mode 0
Event: 13.139 Thread 0x00000203c498a950 Uncommon trap: trap_request=0xffffff45 fr.pc=0x00000203d12948f8 relative=0x0000000000000818
Event: 13.139 Thread 0x00000203c498a950 Uncommon trap: reason=unstable_if action=reinterpret pc=0x00000203d12948f8 method=java.util.HashMap.putVal(ILjava/lang/Object;Ljava/lang/Object;ZZ)Ljava/lang/Object; @ 94 c2
Event: 13.139 Thread 0x00000203c498a950 DEOPT PACKING pc=0x00000203d12948f8 sp=0x000000389f4fa660
Event: 13.139 Thread 0x00000203c498a950 DEOPT UNPACKING pc=0x00000203d0bf699d sp=0x000000389f4fa5f8 mode 2
Event: 13.717 Thread 0x00000203c498a950 DEOPT PACKING pc=0x00000203c9cf8a65 sp=0x000000389f4f7b70
Event: 13.717 Thread 0x00000203c498a950 DEOPT UNPACKING pc=0x00000203d0bf7124 sp=0x000000389f4f6fc0 mode 0

Classes unloaded (0 events):
No events

Classes redefined (0 events):
No events

Internal exceptions (20 events):
Event: 3.032 Thread 0x00000203c498a950 Exception <a 'java/lang/NoSuchMethodError'{0x00000000ca56d2d8}: 'java.lang.Object java.lang.invoke.DirectMethodHandle$Holder.invokeStaticInit(java.lang.Object)'> (0x00000000ca56d2d8) 
thrown [s\src\hotspot\share\interpreter\linkResolver.cpp, line 771]
Event: 3.367 Thread 0x00000203c498a950 Exception <a 'java/lang/NoSuchMethodError'{0x00000000c9e82498}: 'java.lang.Object java.lang.invoke.DirectMethodHandle$Holder.invokeStaticInit(java.lang.Object, int)'> (0x00000000c9e82498) 
thrown [s\src\hotspot\share\interpreter\linkResolver.cpp, line 771]
Event: 3.384 Thread 0x00000203c498a950 Exception <a 'java/lang/NoSuchMethodError'{0x00000000c9d0c7e8}: 'void java.lang.invoke.DirectMethodHandle$Holder.invokeStatic(java.lang.Object, java.lang.Object)'> (0x00000000c9d0c7e8) 
thrown [s\src\hotspot\share\interpreter\linkResolver.cpp, line 771]
Event: 3.473 Thread 0x00000203c498a950 Exception <a 'java/lang/NoSuchMethodError'{0x00000000cbdc68f8}: 'long java.lang.invoke.DirectMethodHandle$Holder.invokeStatic(java.lang.Object)'> (0x00000000cbdc68f8) 
thrown [s\src\hotspot\share\interpreter\linkResolver.cpp, line 771]
Event: 3.474 Thread 0x00000203c498a950 Exception <a 'java/lang/NoSuchMethodError'{0x00000000cbdca050}: 'long java.lang.invoke.DirectMethodHandle$Holder.invokeStaticInit(java.lang.Object)'> (0x00000000cbdca050) 
thrown [s\src\hotspot\share\interpreter\linkResolver.cpp, line 771]
Event: 3.635 Thread 0x00000203c498a950 Exception <a 'java/lang/NoSuchMethodError'{0x00000000ca641f30}: 'int java.lang.invoke.DirectMethodHandle$Holder.invokeStaticInit(java.lang.Object, java.lang.Object, java.lang.Object)'> (0x00000000ca641f30) 
thrown [s\src\hotspot\share\interpreter\linkResolver.cpp, line 771]
Event: 3.643 Thread 0x00000203c498a950 Exception <a 'java/lang/NoSuchMethodError'{0x00000000ca669638}: 'int java.lang.invoke.DirectMethodHandle$Holder.invokeStaticInit(java.lang.Object, java.lang.Object)'> (0x00000000ca669638) 
thrown [s\src\hotspot\share\interpreter\linkResolver.cpp, line 771]
Event: 3.677 Thread 0x00000203c498a950 Exception <a 'java/lang/NoSuchMethodError'{0x00000000ca541b60}: 'void java.lang.invoke.DirectMethodHandle$Holder.invokeSpecial(java.lang.Object, java.lang.Object, java.lang.Object)'> (0x00000000ca541b60) 
thrown [s\src\hotspot\share\interpreter\linkResolver.cpp, line 771]
Event: 4.706 Thread 0x00000203c498a950 Exception <a 'java/lang/NoSuchMethodError'{0x00000000c95eb9a8}: 'void java.lang.invoke.DirectMethodHandle$Holder.invokeStatic(java.lang.Object, java.lang.Object, java.lang.Object, java.lang.Object)'> (0x00000000c95eb9a8) 
thrown [s\src\hotspot\share\interpreter\linkResolver.cpp, line 771]
Event: 4.947 Thread 0x00000203c498a950 Exception <a 'java/lang/NoSuchMethodError'{0x00000000cb0975c8}: 'void java.lang.invoke.DirectMethodHandle$Holder.invokeStaticInit(java.lang.Object, java.lang.Object)'> (0x00000000cb0975c8) 
thrown [s\src\hotspot\share\interpreter\linkResolver.cpp, line 771]
Event: 5.137 Thread 0x00000203c498a950 Exception <a 'java/lang/NoSuchMethodError'{0x00000000cac8e180}: 'void java.lang.invoke.DirectMethodHandle$Holder.invokeVirtual(java.lang.Object, java.lang.Object)'> (0x00000000cac8e180) 
thrown [s\src\hotspot\share\interpreter\linkResolver.cpp, line 771]
Event: 5.166 Thread 0x00000203c498a950 Exception <a 'java/lang/NoSuchMethodError'{0x00000000cab0dbf8}: 'int java.lang.invoke.DirectMethodHandle$Holder.invokeVirtual(java.lang.Object, java.lang.Object)'> (0x00000000cab0dbf8) 
thrown [s\src\hotspot\share\interpreter\linkResolver.cpp, line 771]
Event: 5.215 Thread 0x00000203c498a950 Exception <a 'java/lang/NoSuchMethodError'{0x00000000cabd7650}: 'java.lang.Object java.lang.invoke.Invokers$Holder.invokeExact_MT(java.lang.Object, java.lang.Object, java.lang.Object, java.lang.Object, java.lang.Object, java.lang.Object)'> (0x00000000cabd7650) 
thrown [s\src\hotspot\share\interpreter\linkResolver.cpp, line 771]
Event: 7.111 Thread 0x00000203c498a950 Exception <a 'java/lang/NoSuchMethodError'{0x00000000cb1ef5d8}: 'java.lang.Object java.lang.invoke.DirectMethodHandle$Holder.invokeVirtual(java.lang.Object, java.lang.Object, java.lang.Object)'> (0x00000000cb1ef5d8) 
thrown [s\src\hotspot\share\interpreter\linkResolver.cpp, line 771]
Event: 10.029 Thread 0x00000203c498a950 Exception <a 'java/lang/NoSuchMethodError'{0x00000000cb311918}: 'java.lang.Object java.lang.invoke.DirectMethodHandle$Holder.newInvokeSpecial(java.lang.Object, java.lang.Object, java.lang.Object, int)'> (0x00000000cb311918) 
thrown [s\src\hotspot\share\interpreter\linkResolver.cpp, line 771]
Event: 10.031 Thread 0x00000203c498a950 Exception <a 'java/lang/NoSuchMethodError'{0x00000000cb315fa0}: 'java.lang.Object java.lang.invoke.DirectMethodHandle$Holder.invokeSpecial(java.lang.Object, java.lang.Object, java.lang.Object, java.lang.Object, int)'> (0x00000000cb315fa0) 
thrown [s\src\hotspot\share\interpreter\linkResolver.cpp, line 771]
Event: 10.031 Thread 0x00000203c498a950 Exception <a 'java/lang/NoSuchMethodError'{0x00000000cb319e10}: 'java.lang.Object java.lang.invoke.Invokers$Holder.linkToTargetMethod(java.lang.Object, java.lang.Object, int, java.lang.Object)'> (0x00000000cb319e10) 
thrown [s\src\hotspot\share\interpreter\linkResolver.cpp, line 771]
Event: 10.527 Thread 0x00000203c498a950 Exception <a 'java/lang/NoSuchMethodError'{0x00000000cbc56c08}: 'java.lang.Object java.lang.invoke.DirectMethodHandle$Holder.invokeInterface(java.lang.Object, java.lang.Object)'> (0x00000000cbc56c08) 
thrown [s\src\hotspot\share\interpreter\linkResolver.cpp, line 771]
Event: 10.531 Thread 0x00000203c498a950 Exception <a 'java/lang/NoSuchMethodError'{0x00000000cbc659f0}: 'java.lang.Object java.lang.invoke.DirectMethodHandle$Holder.newInvokeSpecial(java.lang.Object, java.lang.Object, int)'> (0x00000000cbc659f0) 
thrown [s\src\hotspot\share\interpreter\linkResolver.cpp, line 771]
Event: 13.113 Thread 0x00000203c498a950 Exception <a 'java/lang/NoSuchMethodError'{0x00000000cc069240}: 'java.lang.Object java.lang.invoke.DirectMethodHandle$Holder.invokeStaticInit(java.lang.Object, java.lang.Object, java.lang.Object)'> (0x00000000cc069240) 
thrown [s\src\hotspot\share\interpreter\linkResolver.cpp, line 771]

VM Operations (20 events):
Event: 12.229 Executing VM operation: G1Concurrent done
Event: 12.248 Executing VM operation: HandshakeAllThreads
Event: 12.248 Executing VM operation: HandshakeAllThreads done
Event: 12.733 Executing VM operation: HandshakeAllThreads
Event: 12.733 Executing VM operation: HandshakeAllThreads done
Event: 12.764 Executing VM operation: G1CollectForAllocation
Event: 12.772 Executing VM operation: G1CollectForAllocation done
Event: 13.532 Executing VM operation: ICBufferFull
Event: 13.532 Executing VM operation: ICBufferFull done
Event: 13.724 Executing VM operation: HandshakeAllThreads
Event: 13.724 Executing VM operation: HandshakeAllThreads done
Event: 13.726 Executing VM operation: HandshakeAllThreads
Event: 13.726 Executing VM operation: HandshakeAllThreads done
Event: 13.840 Executing VM operation: ICBufferFull
Event: 13.840 Executing VM operation: ICBufferFull done
Event: 13.867 Executing VM operation: HandshakeAllThreads
Event: 13.867 Executing VM operation: HandshakeAllThreads done
Event: 14.148 Executing VM operation: ICBufferFull
Event: 14.148 Executing VM operation: ICBufferFull done
Event: 14.293 Executing VM operation: G1CollectForAllocation

Events (20 events):
Event: 10.154 loading class java/util/AbstractList$SubList$1
Event: 10.154 loading class java/util/AbstractList$SubList$1 done
Event: 10.154 loading class java/util/AbstractList$ListItr
Event: 10.155 loading class java/util/AbstractList$ListItr done
Event: 10.321 loading class java/text/StringCharacterIterator
Event: 10.321 loading class java/text/CharacterIterator
Event: 10.321 loading class java/text/CharacterIterator done
Event: 10.321 loading class java/text/StringCharacterIterator done
Event: 10.934 loading class java/util/Collections$SingletonMap
Event: 10.934 loading class java/util/Collections$SingletonMap done
Event: 12.306 loading class java/util/AbstractList$RandomAccessSpliterator
Event: 12.307 loading class java/util/AbstractList$RandomAccessSpliterator done
Event: 12.308 loading class java/util/stream/ReferencePipeline$2
Event: 12.308 loading class java/util/stream/ReferencePipeline$2 done
Event: 12.313 loading class java/util/stream/ReferencePipeline$2$1
Event: 12.313 loading class java/util/stream/ReferencePipeline$2$1 done
Event: 12.365 loading class java/util/function/IntUnaryOperator
Event: 12.366 loading class java/util/function/IntUnaryOperator done
Event: 12.726 loading class java/util/RegularEnumSet$EnumSetIterator
Event: 12.726 loading class java/util/RegularEnumSet$EnumSetIterator done


Dynamic libraries:
0x00007ff6c24f0000 - 0x00007ff6c24fa000 	C:\Program Files\Android\Android Studio1\jbr\bin\java.exe
0x00007ffe500f0000 - 0x00007ffe502e8000 	C:\Windows\SYSTEM32\ntdll.dll
0x00007ffe4fff0000 - 0x00007ffe500ad000 	C:\Windows\System32\KERNEL32.DLL
0x00007ffe4de50000 - 0x00007ffe4e146000 	C:\Windows\System32\KERNELBASE.dll
0x00007ffe4d950000 - 0x00007ffe4da50000 	C:\Windows\System32\ucrtbase.dll
0x00007ffe461a0000 - 0x00007ffe461b7000 	C:\Program Files\Android\Android Studio1\jbr\bin\jli.dll
0x00007ffe4eba0000 - 0x00007ffe4ed3e000 	C:\Windows\System32\USER32.dll
0x00007ffe4d880000 - 0x00007ffe4d8a2000 	C:\Windows\System32\win32u.dll
0x00007ffe4e3c0000 - 0x00007ffe4e3ec000 	C:\Windows\System32\GDI32.dll
0x00007ffe4dce0000 - 0x00007ffe4ddfa000 	C:\Windows\System32\gdi32full.dll
0x00007ffe4d8b0000 - 0x00007ffe4d94d000 	C:\Windows\System32\msvcp_win.dll
0x00007ffe3f310000 - 0x00007ffe3f32b000 	C:\Program Files\Android\Android Studio1\jbr\bin\VCRUNTIME140.dll
0x00007ffe3eb30000 - 0x00007ffe3edca000 	C:\Windows\WinSxS\amd64_microsoft.windows.common-controls_6595b64144ccf1df_6.0.19041.1110_none_60b5254171f9507e\COMCTL32.dll
0x00007ffe4f150000 - 0x00007ffe4f1ee000 	C:\Windows\System32\msvcrt.dll
0x00007ffe4ed40000 - 0x00007ffe4ed70000 	C:\Windows\System32\IMM32.DLL
0x00007ffe49510000 - 0x00007ffe4951c000 	C:\Program Files\Android\Android Studio1\jbr\bin\vcruntime140_1.dll
0x00007ffe36000000 - 0x00007ffe3608d000 	C:\Program Files\Android\Android Studio1\jbr\bin\msvcp140.dll
0x00007ffdf1350000 - 0x00007ffdf1fbe000 	C:\Program Files\Android\Android Studio1\jbr\bin\server\jvm.dll
0x00007ffe4e4a0000 - 0x00007ffe4e54e000 	C:\Windows\System32\ADVAPI32.dll
0x00007ffe4ff50000 - 0x00007ffe4ffec000 	C:\Windows\System32\sechost.dll
0x00007ffe4fd50000 - 0x00007ffe4fe76000 	C:\Windows\System32\RPCRT4.dll
0x00007ffe3b960000 - 0x00007ffe3b969000 	C:\Windows\SYSTEM32\WSOCK32.dll
0x00007ffe4fe80000 - 0x00007ffe4feeb000 	C:\Windows\System32\WS2_32.dll
0x00007ffe44d00000 - 0x00007ffe44d27000 	C:\Windows\SYSTEM32\WINMM.dll
0x00007ffe44d30000 - 0x00007ffe44d3a000 	C:\Windows\SYSTEM32\VERSION.dll
0x00007ffe4b660000 - 0x00007ffe4b672000 	C:\Windows\SYSTEM32\kernel.appcore.dll
0x00007ffe3e810000 - 0x00007ffe3e81a000 	C:\Program Files\Android\Android Studio1\jbr\bin\jimage.dll
0x00007ffe3bb60000 - 0x00007ffe3bd44000 	C:\Windows\SYSTEM32\DBGHELP.DLL
0x00007ffe3b920000 - 0x00007ffe3b954000 	C:\Windows\SYSTEM32\dbgcore.DLL
0x00007ffe4da50000 - 0x00007ffe4dad2000 	C:\Windows\System32\bcryptPrimitives.dll
0x00007ffe3c400000 - 0x00007ffe3c425000 	C:\Program Files\Android\Android Studio1\jbr\bin\java.dll
0x00007ffe32000000 - 0x00007ffe32018000 	C:\Program Files\Android\Android Studio1\jbr\bin\zip.dll
0x00007ffe4f390000 - 0x00007ffe4fad5000 	C:\Windows\System32\SHELL32.dll
0x00007ffe4b860000 - 0x00007ffe4bffb000 	C:\Windows\SYSTEM32\windows.storage.dll
0x00007ffe4ed70000 - 0x00007ffe4f0c4000 	C:\Windows\System32\combase.dll
0x00007ffe4d210000 - 0x00007ffe4d23e000 	C:\Windows\SYSTEM32\Wldp.dll
0x00007ffe4fbb0000 - 0x00007ffe4fc5d000 	C:\Windows\System32\SHCORE.dll
0x00007ffe4e240000 - 0x00007ffe4e295000 	C:\Windows\System32\shlwapi.dll
0x00007ffe4d700000 - 0x00007ffe4d725000 	C:\Windows\SYSTEM32\profapi.dll
0x00007ffe46650000 - 0x00007ffe46669000 	C:\Program Files\Android\Android Studio1\jbr\bin\net.dll
0x00007ffe43100000 - 0x00007ffe4320a000 	C:\Windows\SYSTEM32\WINHTTP.dll
0x00007ffe4cf70000 - 0x00007ffe4cfda000 	C:\Windows\system32\mswsock.dll
0x00007ffe46630000 - 0x00007ffe46646000 	C:\Program Files\Android\Android Studio1\jbr\bin\nio.dll
0x00007ffe481d0000 - 0x00007ffe481e0000 	C:\Program Files\Android\Android Studio1\jbr\bin\verify.dll

dbghelp: loaded successfully - version: 4.0.5 - missing functions: none
symbol engine: initialized successfully - sym options: 0x614 - pdb path: .;C:\Program Files\Android\Android Studio1\jbr\bin;C:\Windows\SYSTEM32;C:\Windows\WinSxS\amd64_microsoft.windows.common-controls_6595b64144ccf1df_6.0.19041.1110_none_60b5254171f9507e;C:\Program Files\Android\Android Studio1\jbr\bin\server

VM Arguments:
java_command: org.jetbrains.kotlin.cli.jvm.K2JVMCompiler @C:\CODE_PLAYGROUND\Travist\app\build\20231011_2021110639380000764.compiler.options
java_class_path (initial): C:\Users\Khizar\.gradle\caches\modules-2\files-2.1\org.jetbrains.kotlin\kotlin-compiler-embeddable\1.7.10\909803167c98606fcf22b4c848647c68e351d48d\kotlin-compiler-embeddable-1.7.10.jar;C:\Users\Khizar\.gradle\caches\modules-2\files-2.1\org.jetbrains.kotlin\kotlin-reflect\1.7.10\165e600dfea6185cf5efa700756294cc4904dbeb\kotlin-reflect-1.7.10.jar;C:\Users\Khizar\.gradle\caches\modules-2\files-2.1\org.jetbrains.kotlin\kotlin-stdlib\1.7.10\d2abf9e77736acc4450dc4a3f707fa2c10f5099d\kotlin-stdlib-1.7.10.jar;C:\Users\Khizar\.gradle\caches\modules-2\files-2.1\org.jetbrains.kotlin\kotlin-script-runtime\1.7.10\c99c87a6988d8fd8d5142e9ed5c9f34a7cf561ee\kotlin-script-runtime-1.7.10.jar;C:\Users\Khizar\.gradle\caches\modules-2\files-2.1\org.jetbrains.kotlin\kotlin-daemon-embeddable\1.7.10\3a9f7aef7080d3ae63126cbba4f827ed664f32fa\kotlin-daemon-embeddable-1.7.10.jar;C:\Users\Khizar\.gradle\caches\modules-2\files-2.1\org.jetbrains.intellij.deps\trove4j\1.0.20200330\3afb14d5f9ceb459d724e907a21145e8ff394f02\trove4j-1.0.20200330.jar;C:\Users\Khizar\.gradle\caches\modules-2\files-2.1\net.java.dev.jna\jna\5.6.0\330f2244e9030119ab3030fc3fededc86713d9cc\jna-5.6.0.jar;C:\Users\Khizar\.gradle\caches\modules-2\files-2.1\org.jetbrains.kotlin\kotlin-stdlib-common\1.7.10\bac80c520d0a9e3f3673bc2658c6ed02ef45a76a\kotlin-stdlib-common-1.7.10.jar;C:\Users\Khizar\.gradle\caches\modules-2\files-2.1\org.jetbrains\annotations\13.0\919f0dfe192fb4e063e7dacadee7f8bb9a2672a9\annotations-13.0.jar
Launcher Type: SUN_STANDARD

[Global flags]
     intx CICompilerCount                          = 2                                         {product} {ergonomic}
     uint ConcGCThreads                            = 1                                         {product} {ergonomic}
     uint G1ConcRefinementThreads                  = 2                                         {product} {ergonomic}
   size_t G1HeapRegionSize                         = 1048576                                   {product} {ergonomic}
    uintx GCDrainStackTargetSize                   = 64                                        {product} {ergonomic}
   size_t InitialHeapSize                          = 58720256                                  {product} {ergonomic}
   size_t MarkStackSize                            = 4194304                                   {product} {ergonomic}
   size_t MaxHeapSize                              = 933232640                                 {product} {ergonomic}
   size_t MaxNewSize                               = 559939584                                 {product} {ergonomic}
   size_t MinHeapDeltaBytes                        = 1048576                                   {product} {ergonomic}
   size_t MinHeapSize                              = 8388608                                   {product} {ergonomic}
    uintx NonNMethodCodeHeapSize                   = 5826188                                {pd product} {ergonomic}
    uintx NonProfiledCodeHeapSize                  = 122916026                              {pd product} {ergonomic}
    uintx ProfiledCodeHeapSize                     = 122916026                              {pd product} {ergonomic}
    uintx ReservedCodeCacheSize                    = 251658240                              {pd product} {ergonomic}
     bool SegmentedCodeCache                       = true                                      {product} {ergonomic}
   size_t SoftMaxHeapSize                          = 933232640                              {manageable} {ergonomic}
     bool UseCompressedClassPointers               = true                           {product lp64_product} {ergonomic}
     bool UseCompressedOops                        = true                           {product lp64_product} {ergonomic}
     bool UseG1GC                                  = true                                      {product} {ergonomic}
     bool UseLargePagesIndividualAllocation        = false                                  {pd product} {ergonomic}

Logging:
Log output configuration:
 #0: stdout all=warning uptime,level,tags
 #1: stderr all=off uptime,level,tags

Environment Variables:
PATH=C:\Program Files (x86)\Common Files\Oracle\Java\javapath;C:\oraclexe\app\oracle\product\11.2.0\server\bin;;C:\Program Files (x86)\Common Files\Intel\Shared Libraries\redist\intel64\compiler;C:\Windows\system32;C:\Windows;C:\Windows\System32\Wbem;C:\Windows\System32\WindowsPowerShell\v1.0\;C:\Windows\System32\OpenSSH\;C:\Program Files (x86)\ATI Technologies\ATI.ACE\Core-Static;C:\Program Files\nodejs\;C:\ProgramData\chocolatey\bin;C:\Program Files\Git\cmd;C:\Program Files\MySQL\MySQL Shell 8.0\bin\;C:\Users\Khizar\AppData\Local\Microsoft\WindowsApps;C:\Program Files\JetBrains\IntelliJ IDEA Community Edition 2023.1.3\bin;;C:\Users\Khizar\AppData\Roaming\npm;C:\Users\Khizar\AppData\Local\Programs\Microsoft VS Code\bin;C:\Users\Khizar\AppData\Local\GitHubDesktop\bin
USERNAME=Khizar
OS=Windows_NT
PROCESSOR_IDENTIFIER=AMD64 Family 18 Model 1 Stepping 0, AuthenticAMD
TMP=C:\Users\Khizar\AppData\Local\Temp
TEMP=C:\Users\Khizar\AppData\Local\Temp


JNI global refs:
JNI global refs: 7, weak refs: 2

JNI global refs memory usage: 843, weak refs: 841


---------------  S Y S T E M  ---------------

OS:
 Windows 10 , 64 bit Build 19041 (10.0.19041.3393)
OS uptime: 0 days 22:09 hours

CPU: total 2 (initial active 2) (2 cores per cpu, 1 threads per core) family 18 model 1 stepping 0 microcode 0x0, cx8, cmov, fxsr, mmx, 3dnowpref, sse, sse2, sse3, sse4a, popcnt, lzcnt, tsc, tscinvbit, clflush

Memory: 4k page, system-wide physical 3552M (345M free)
TotalPageFile size 7648M (AvailPageFile size 18M)
current process WorkingSet (physical memory assigned to process): 204M, peak: 206M
current process commit charge ("private bytes"): 226M, peak: 278M

vm_info: OpenJDK 64-Bit Server VM (17.0.6+0-b2043.56-10027231) for windows-amd64 JRE (17.0.6+0-b2043.56-10027231), built on Apr 28 2023 00:43:19 by "androidbuild" with MS VC++ 16.10 / 16.11 (VS2019)

END.
