#
# There is insufficient memory for the Java Runtime Environment to continue.
# Native memory allocation (mmap) failed to map 36700160 bytes for G1 virtual space
# Possible reasons:
#   The system is out of physical RAM or swap space
#   The process is running with CompressedOops enabled, and the Java Heap may be blocking the growth of the native heap
# Possible solutions:
#   Reduce memory load on the system
#   Increase physical memory or swap space
#   Check if swap backing store is full
#   Decrease Java heap size (-Xmx/-Xms)
#   Decrease number of Java threads
#   Decrease Java thread stack sizes (-Xss)
#   Set larger code cache with -XX:ReservedCodeCacheSize=
#   JVM is running with Unscaled Compressed Oops mode in which the Java heap is
#     placed in the first 4GB address space. The Java Heap base address is the
#     maximum limit for the native heap growth. Please use -XX:HeapBaseMinAddress
#     to set the Java Heap base and to place the Java Heap above 4GB virtual address.
# This output file may be truncated or incomplete.
#
#  Out of Memory Error (os_windows.cpp:3769), pid=9864, tid=6552
#
# JRE version: OpenJDK Runtime Environment (17.0.6) (build 17.0.6+0-b2043.56-10027231)
# Java VM: OpenJDK 64-Bit Server VM (17.0.6+0-b2043.56-10027231, mixed mode, tiered, compressed oops, compressed class ptrs, g1 gc, windows-amd64)
# No core dump will be written. Minidumps are not enabled by default on client versions of Windows
#

---------------  S U M M A R Y ------------

Command Line: org.jetbrains.kotlin.cli.jvm.K2JVMCompiler @C:\CODE_PLAYGROUND\Travist\app\build\20231011_10537148478232336046.compiler.options

Host: AMD A4-3300M APU with Radeon(tm) HD Graphics, 2 cores, 3G,  Windows 10 , 64 bit Build 19041 (10.0.19041.3393)
Time: Wed Oct 11 21:44:20 2023 Pacific Daylight Time elapsed time: 19.214865 seconds (0d 0h 0m 19s)

---------------  T H R E A D  ---------------

Current thread (0x000002392ae498b0):  VMThread "VM Thread" [stack: 0x000000fe08f00000,0x000000fe09000000] [id=6552]

Stack: [0x000000fe08f00000,0x000000fe09000000]
Native frames: (J=compiled Java code, j=interpreted, Vv=VM code, C=native code)
V  [jvm.dll+0x683c9a]
V  [jvm.dll+0x8427a4]
V  [jvm.dll+0x843f9e]
V  [jvm.dll+0x844603]
V  [jvm.dll+0x249b75]
V  [jvm.dll+0x680b69]
V  [jvm.dll+0x67505a]
V  [jvm.dll+0x309acb]
V  [jvm.dll+0x310f86]
V  [jvm.dll+0x3608ee]
V  [jvm.dll+0x360b1f]
V  [jvm.dll+0x2dfbf8]
V  [jvm.dll+0x2ddec4]
V  [jvm.dll+0x2dd4cc]
V  [jvm.dll+0x321f3b]
V  [jvm.dll+0x848ccb]
V  [jvm.dll+0x849a04]
V  [jvm.dll+0x849f1d]
V  [jvm.dll+0x84a2f4]
V  [jvm.dll+0x84a3c0]
V  [jvm.dll+0x7f274a]
V  [jvm.dll+0x682ad5]
C  [ucrtbase.dll+0x21bb2]
C  [KERNEL32.DLL+0x17344]
C  [ntdll.dll+0x526b1]

VM_Operation (0x000000fe089fb190): G1CollectForAllocation, mode: safepoint, requested by thread 0x00000239128e9bf0


---------------  P R O C E S S  ---------------

Threads class SMR info:
_java_thread_list=0x000002392b8f71e0, length=12, elements={
0x00000239128e9bf0, 0x000002392ae2ea40, 0x000002392ae517b0, 0x000002392ae93290,
0x000002392ae94d60, 0x000002392ae97a30, 0x000002392ae982f0, 0x000002392ae98f90,
0x000002392aea4e50, 0x000002392aeb3b60, 0x000002392b91bab0, 0x000002392b924630
}

Java Threads: ( => current thread )
  0x00000239128e9bf0 JavaThread "main" [_thread_blocked, id=7692, stack(0x000000fe08900000,0x000000fe08a00000)]
  0x000002392ae2ea40 JavaThread "Reference Handler" daemon [_thread_blocked, id=8832, stack(0x000000fe09000000,0x000000fe09100000)]
  0x000002392ae517b0 JavaThread "Finalizer" daemon [_thread_blocked, id=7628, stack(0x000000fe09100000,0x000000fe09200000)]
  0x000002392ae93290 JavaThread "Signal Dispatcher" daemon [_thread_blocked, id=12148, stack(0x000000fe09200000,0x000000fe09300000)]
  0x000002392ae94d60 JavaThread "Attach Listener" daemon [_thread_blocked, id=1408, stack(0x000000fe09300000,0x000000fe09400000)]
  0x000002392ae97a30 JavaThread "Service Thread" daemon [_thread_blocked, id=9040, stack(0x000000fe09400000,0x000000fe09500000)]
  0x000002392ae982f0 JavaThread "Monitor Deflation Thread" daemon [_thread_blocked, id=2628, stack(0x000000fe09500000,0x000000fe09600000)]
  0x000002392ae98f90 JavaThread "C2 CompilerThread0" daemon [_thread_in_native, id=668, stack(0x000000fe09600000,0x000000fe09700000)]
  0x000002392aea4e50 JavaThread "C1 CompilerThread0" daemon [_thread_blocked, id=6888, stack(0x000000fe09700000,0x000000fe09800000)]
  0x000002392aeb3b60 JavaThread "Sweeper thread" daemon [_thread_blocked, id=5884, stack(0x000000fe09800000,0x000000fe09900000)]
  0x000002392b91bab0 JavaThread "Notification Thread" daemon [_thread_blocked, id=3188, stack(0x000000fe09900000,0x000000fe09a00000)]
  0x000002392b924630 JavaThread "Common-Cleaner" daemon [_thread_blocked, id=10048, stack(0x000000fe09b00000,0x000000fe09c00000)]

Other Threads:
=>0x000002392ae498b0 VMThread "VM Thread" [stack: 0x000000fe08f00000,0x000000fe09000000] [id=6552]
  0x000002392b91c390 WatcherThread [stack: 0x000000fe09a00000,0x000000fe09b00000] [id=11540]
  0x0000023912923600 GCTaskThread "GC Thread#0" [stack: 0x000000fe08a00000,0x000000fe08b00000] [id=10016]
  0x000002392bb1a1b0 GCTaskThread "GC Thread#1" [stack: 0x000000fe09c00000,0x000000fe09d00000] [id=11196]
  0x000002391292b390 ConcurrentGCThread "G1 Main Marker" [stack: 0x000000fe08b00000,0x000000fe08c00000] [id=9696]
  0x000002391292bcb0 ConcurrentGCThread "G1 Conc#0" [stack: 0x000000fe08c00000,0x000000fe08d00000] [id=4732]
  0x000002391295e3e0 ConcurrentGCThread "G1 Refine#0" [stack: 0x000000fe08d00000,0x000000fe08e00000] [id=9584]
  0x000002392dbce960 ConcurrentGCThread "G1 Refine#1" [stack: 0x000000fe09d00000,0x000000fe09e00000] [id=3600]
  0x000002391295ed10 ConcurrentGCThread "G1 Service" [stack: 0x000000fe08e00000,0x000000fe08f00000] [id=8540]

Threads with active compile tasks:
C2 CompilerThread0    19242 5174       4       org.jetbrains.kotlin.serialization.deserialization.descriptors.DeserializedPackageMemberScope::getContributedClassifier (26 bytes)

VM state: at safepoint (normal execution)

VM Mutex/Monitor currently owned by a thread:  ([mutex/lock_event])
[0x00000239128e5ca0] Threads_lock - owner thread: 0x000002392ae498b0
[0x00000239128e4fb0] Heap_lock - owner thread: 0x00000239128e9bf0

Heap address: 0x00000000c8600000, size: 890 MB, Compressed Oops mode: 32-bit

CDS archive(s) not mapped
Compressed class space mapped at: 0x0000000100000000-0x0000000140000000, reserved size: 1073741824
Narrow klass base: 0x0000000000000000, Narrow klass shift: 3, Narrow klass range: 0x140000000

GC Precious Log:
 CPUs: 2 total, 2 available
 Memory: 3552M
 Large Page Support: Disabled
 NUMA Support: Disabled
 Compressed Oops: Enabled (32-bit)
 Heap Region Size: 1M
 Heap Min Capacity: 8M
 Heap Initial Capacity: 56M
 Heap Max Capacity: 890M
 Pre-touch: Disabled
 Parallel Workers: 2
 Concurrent Workers: 1
 Concurrent Refinement Workers: 2
 Periodic GC: Disabled

Heap:
 garbage-first heap   total 66560K, used 41733K [0x00000000c8600000, 0x0000000100000000)
  region size 1024K, 2 young (2048K), 2 survivors (2048K)
 Metaspace       used 52075K, committed 52288K, reserved 1097728K
  class space    used 6170K, committed 6272K, reserved 1048576K

Heap Regions: E=young(eden), S=young(survivor), O=old, HS=humongous(starts), HC=humongous(continues), CS=collection set, F=free, OA=open archive, CA=closed archive, TAMS=top-at-mark-start (previous, next)
|   0|0x00000000c8600000, 0x00000000c8700000, 0x00000000c8700000|100%|HS|  |TAMS 0x00000000c8700000, 0x00000000c8700000| Complete 
|   1|0x00000000c8700000, 0x00000000c8800000, 0x00000000c8800000|100%|HC|  |TAMS 0x00000000c8800000, 0x00000000c8800000| Complete 
|   2|0x00000000c8800000, 0x00000000c8900000, 0x00000000c8900000|100%|HC|  |TAMS 0x00000000c8900000, 0x00000000c8900000| Complete 
|   3|0x00000000c8900000, 0x00000000c8a00000, 0x00000000c8a00000|100%| O|  |TAMS 0x00000000c8a00000, 0x00000000c8a00000| Untracked 
|   4|0x00000000c8a00000, 0x00000000c8b00000, 0x00000000c8b00000|100%| O|  |TAMS 0x00000000c8b00000, 0x00000000c8b00000| Untracked 
|   5|0x00000000c8b00000, 0x00000000c8c00000, 0x00000000c8c00000|100%| O|  |TAMS 0x00000000c8c00000, 0x00000000c8c00000| Untracked 
|   6|0x00000000c8c00000, 0x00000000c8d00000, 0x00000000c8d00000|100%|HS|  |TAMS 0x00000000c8d00000, 0x00000000c8d00000| Complete 
|   7|0x00000000c8d00000, 0x00000000c8e00000, 0x00000000c8e00000|100%|HC|  |TAMS 0x00000000c8e00000, 0x00000000c8e00000| Complete 
|   8|0x00000000c8e00000, 0x00000000c8f00000, 0x00000000c8f00000|100%|HC|  |TAMS 0x00000000c8f00000, 0x00000000c8f00000| Complete 
|   9|0x00000000c8f00000, 0x00000000c9000000, 0x00000000c9000000|100%| O|  |TAMS 0x00000000c9000000, 0x00000000c9000000| Untracked 
|  10|0x00000000c9000000, 0x00000000c9100000, 0x00000000c9100000|100%| O|  |TAMS 0x00000000c9100000, 0x00000000c9100000| Untracked 
|  11|0x00000000c9100000, 0x00000000c9200000, 0x00000000c9200000|100%| O|  |TAMS 0x00000000c9200000, 0x00000000c9200000| Untracked 
|  12|0x00000000c9200000, 0x00000000c9300000, 0x00000000c9300000|100%| O|  |TAMS 0x00000000c9300000, 0x00000000c9300000| Untracked 
|  13|0x00000000c9300000, 0x00000000c9400000, 0x00000000c9400000|100%| O|  |TAMS 0x00000000c9400000, 0x00000000c9400000| Untracked 
|  14|0x00000000c9400000, 0x00000000c9500000, 0x00000000c9500000|100%| O|  |TAMS 0x00000000c9500000, 0x00000000c9500000| Untracked 
|  15|0x00000000c9500000, 0x00000000c9600000, 0x00000000c9600000|100%| O|  |TAMS 0x00000000c9600000, 0x00000000c9600000| Untracked 
|  16|0x00000000c9600000, 0x00000000c9700000, 0x00000000c9700000|100%| O|  |TAMS 0x00000000c9700000, 0x00000000c9700000| Untracked 
|  17|0x00000000c9700000, 0x00000000c9800000, 0x00000000c9800000|100%| O|  |TAMS 0x00000000c9800000, 0x00000000c9800000| Untracked 
|  18|0x00000000c9800000, 0x00000000c9900000, 0x00000000c9900000|100%| O|  |TAMS 0x00000000c9900000, 0x00000000c9900000| Untracked 
|  19|0x00000000c9900000, 0x00000000c9a00000, 0x00000000c9a00000|100%| O|  |TAMS 0x00000000c9a00000, 0x00000000c9a00000| Untracked 
|  20|0x00000000c9a00000, 0x00000000c9b00000, 0x00000000c9b00000|100%| O|  |TAMS 0x00000000c9b00000, 0x00000000c9b00000| Untracked 
|  21|0x00000000c9b00000, 0x00000000c9c00000, 0x00000000c9c00000|100%| O|  |TAMS 0x00000000c9c00000, 0x00000000c9c00000| Untracked 
|  22|0x00000000c9c00000, 0x00000000c9d00000, 0x00000000c9d00000|100%| O|  |TAMS 0x00000000c9d00000, 0x00000000c9d00000| Untracked 
|  23|0x00000000c9d00000, 0x00000000c9e00000, 0x00000000c9e00000|100%| O|  |TAMS 0x00000000c9e00000, 0x00000000c9e00000| Untracked 
|  24|0x00000000c9e00000, 0x00000000c9f00000, 0x00000000c9f00000|100%| O|  |TAMS 0x00000000c9f00000, 0x00000000c9f00000| Untracked 
|  25|0x00000000c9f00000, 0x00000000ca000000, 0x00000000ca000000|100%|HS|  |TAMS 0x00000000ca000000, 0x00000000ca000000| Complete 
|  26|0x00000000ca000000, 0x00000000ca100000, 0x00000000ca100000|100%|HC|  |TAMS 0x00000000ca100000, 0x00000000ca100000| Complete 
|  27|0x00000000ca100000, 0x00000000ca200000, 0x00000000ca200000|100%| O|  |TAMS 0x00000000ca200000, 0x00000000ca200000| Untracked 
|  28|0x00000000ca200000, 0x00000000ca300000, 0x00000000ca300000|100%| O|  |TAMS 0x00000000ca300000, 0x00000000ca300000| Untracked 
|  29|0x00000000ca300000, 0x00000000ca400000, 0x00000000ca400000|100%| O|  |TAMS 0x00000000ca400000, 0x00000000ca400000| Untracked 
|  30|0x00000000ca400000, 0x00000000ca500000, 0x00000000ca500000|100%| O|  |TAMS 0x00000000ca500000, 0x00000000ca500000| Untracked 
|  31|0x00000000ca500000, 0x00000000ca600000, 0x00000000ca600000|100%| O|  |TAMS 0x00000000ca54d600, 0x00000000ca600000| Untracked 
|  32|0x00000000ca600000, 0x00000000ca6c1600, 0x00000000ca700000| 75%| O|  |TAMS 0x00000000ca600000, 0x00000000ca600000| Untracked 
|  33|0x00000000ca700000, 0x00000000ca800000, 0x00000000ca800000|100%| O|  |TAMS 0x00000000ca800000, 0x00000000ca800000| Untracked 
|  34|0x00000000ca800000, 0x00000000ca900000, 0x00000000ca900000|100%| O|  |TAMS 0x00000000ca800000, 0x00000000ca900000| Untracked 
|  35|0x00000000ca900000, 0x00000000caa00000, 0x00000000caa00000|100%| O|  |TAMS 0x00000000ca900000, 0x00000000caa00000| Untracked 
|  36|0x00000000caa00000, 0x00000000cab00000, 0x00000000cab00000|100%| O|  |TAMS 0x00000000caa00000, 0x00000000cab00000| Untracked 
|  37|0x00000000cab00000, 0x00000000cac00000, 0x00000000cac00000|100%| O|  |TAMS 0x00000000cab00000, 0x00000000cac00000| Untracked 
|  38|0x00000000cac00000, 0x00000000cad00000, 0x00000000cad00000|100%| O|  |TAMS 0x00000000cac00000, 0x00000000cad00000| Untracked 
|  39|0x00000000cad00000, 0x00000000cad00000, 0x00000000cae00000|  0%| F|  |TAMS 0x00000000cad00000, 0x00000000cad00000| Untracked 
|  40|0x00000000cae00000, 0x00000000cae00000, 0x00000000caf00000|  0%| F|  |TAMS 0x00000000cae00000, 0x00000000cae00000| Untracked 
|  41|0x00000000caf00000, 0x00000000caf00000, 0x00000000cb000000|  0%| F|  |TAMS 0x00000000caf00000, 0x00000000caf00000| Untracked 
|  42|0x00000000cb000000, 0x00000000cb000000, 0x00000000cb100000|  0%| F|  |TAMS 0x00000000cb000000, 0x00000000cb000000| Untracked 
|  43|0x00000000cb100000, 0x00000000cb100000, 0x00000000cb200000|  0%| F|  |TAMS 0x00000000cb100000, 0x00000000cb100000| Untracked 
|  44|0x00000000cb200000, 0x00000000cb200000, 0x00000000cb300000|  0%| F|  |TAMS 0x00000000cb200000, 0x00000000cb200000| Untracked 
|  45|0x00000000cb300000, 0x00000000cb300000, 0x00000000cb400000|  0%| F|  |TAMS 0x00000000cb300000, 0x00000000cb300000| Untracked 
|  46|0x00000000cb400000, 0x00000000cb400000, 0x00000000cb500000|  0%| F|  |TAMS 0x00000000cb400000, 0x00000000cb400000| Untracked 
|  47|0x00000000cb500000, 0x00000000cb500000, 0x00000000cb600000|  0%| F|  |TAMS 0x00000000cb500000, 0x00000000cb500000| Untracked 
|  48|0x00000000cb600000, 0x00000000cb600000, 0x00000000cb700000|  0%| F|  |TAMS 0x00000000cb600000, 0x00000000cb600000| Untracked 
|  49|0x00000000cb700000, 0x00000000cb800000, 0x00000000cb800000|100%| S|CS|TAMS 0x00000000cb700000, 0x00000000cb700000| Complete 
|  50|0x00000000cb800000, 0x00000000cb900000, 0x00000000cb900000|100%| S|CS|TAMS 0x00000000cb800000, 0x00000000cb800000| Complete 
|  51|0x00000000cb900000, 0x00000000cb900000, 0x00000000cba00000|  0%| F|  |TAMS 0x00000000cb900000, 0x00000000cb900000| Untracked 
|  52|0x00000000cba00000, 0x00000000cba00000, 0x00000000cbb00000|  0%| F|  |TAMS 0x00000000cba00000, 0x00000000cba00000| Untracked 
|  53|0x00000000cbb00000, 0x00000000cbb00000, 0x00000000cbc00000|  0%| F|  |TAMS 0x00000000cbb00000, 0x00000000cbb00000| Untracked 
|  54|0x00000000cbc00000, 0x00000000cbc00000, 0x00000000cbd00000|  0%| F|  |TAMS 0x00000000cbc00000, 0x00000000cbc00000| Untracked 
|  55|0x00000000cbd00000, 0x00000000cbd00000, 0x00000000cbe00000|  0%| F|  |TAMS 0x00000000cbd00000, 0x00000000cbd00000| Untracked 
|  56|0x00000000cbe00000, 0x00000000cbe00000, 0x00000000cbf00000|  0%| F|  |TAMS 0x00000000cbe00000, 0x00000000cbe00000| Untracked 
|  57|0x00000000cbf00000, 0x00000000cbf00000, 0x00000000cc000000|  0%| F|  |TAMS 0x00000000cbf00000, 0x00000000cbf00000| Untracked 
|  58|0x00000000cc000000, 0x00000000cc000000, 0x00000000cc100000|  0%| F|  |TAMS 0x00000000cc000000, 0x00000000cc000000| Untracked 
|  59|0x00000000cc100000, 0x00000000cc100000, 0x00000000cc200000|  0%| F|  |TAMS 0x00000000cc100000, 0x00000000cc100000| Untracked 
|  60|0x00000000cc200000, 0x00000000cc200000, 0x00000000cc300000|  0%| F|  |TAMS 0x00000000cc200000, 0x00000000cc200000| Untracked 
|  61|0x00000000cc300000, 0x00000000cc300000, 0x00000000cc400000|  0%| F|  |TAMS 0x00000000cc300000, 0x00000000cc300000| Untracked 
|  62|0x00000000cc400000, 0x00000000cc400000, 0x00000000cc500000|  0%| F|  |TAMS 0x00000000cc400000, 0x00000000cc400000| Untracked 
|  63|0x00000000cc500000, 0x00000000cc500000, 0x00000000cc600000|  0%| F|  |TAMS 0x00000000cc500000, 0x00000000cc500000| Untracked 
|  64|0x00000000cc600000, 0x00000000cc600000, 0x00000000cc700000|  0%| F|  |TAMS 0x00000000cc600000, 0x00000000cc600000| Untracked 

Card table byte_map: [0x0000023926b50000,0x0000023926d10000] _byte_map_base: 0x000002392650d000

Marking Bits (Prev, Next): (CMBitMap*) 0x0000023912923b60, (CMBitMap*) 0x0000023912923b20
 Prev Bits: [0x0000023927cc0000, 0x0000023928aa8000)
 Next Bits: [0x0000023926ed0000, 0x0000023927cb8000)

Polling page: 0x00000239127b0000

Metaspace:

Usage:
  Non-class:     44.83 MB used.
      Class:      6.03 MB used.
       Both:     50.86 MB used.

Virtual space:
  Non-class space:       48.00 MB reserved,      44.94 MB ( 94%) committed,  6 nodes.
      Class space:        1.00 GB reserved,       6.12 MB ( <1%) committed,  1 nodes.
             Both:        1.05 GB reserved,      51.06 MB (  5%) committed. 

Chunk freelists:
   Non-Class:  2.69 MB
       Class:  1.81 MB
        Both:  4.50 MB

MaxMetaspaceSize: unlimited
CompressedClassSpaceSize: 1.00 GB
Initial GC threshold: 21.00 MB
Current GC threshold: 84.50 MB
CDS: off
MetaspaceReclaimPolicy: balanced
 - commit_granule_bytes: 65536.
 - commit_granule_words: 8192.
 - virtual_space_node_default_size: 1048576.
 - enlarge_chunks_in_place: 1.
 - new_chunks_are_fully_committed: 0.
 - uncommit_free_chunks: 1.
 - use_allocation_guard: 0.
 - handle_deallocations: 1.


Internal statistics:

num_allocs_failed_limit: 6.
num_arena_births: 202.
num_arena_deaths: 0.
num_vsnodes_births: 7.
num_vsnodes_deaths: 0.
num_space_committed: 816.
num_space_uncommitted: 0.
num_chunks_returned_to_freelist: 6.
num_chunks_taken_from_freelist: 1685.
num_chunk_merges: 6.
num_chunk_splits: 1375.
num_chunks_enlarged: 1227.
num_purges: 0.
num_inconsistent_stats: 0.

CodeHeap 'non-profiled nmethods': size=120064Kb used=2106Kb max_used=2106Kb free=117957Kb
 bounds [0x000002391f040000, 0x000002391f2b0000, 0x0000023926580000]
CodeHeap 'profiled nmethods': size=120000Kb used=13191Kb max_used=13191Kb free=106808Kb
 bounds [0x0000023917580000, 0x0000023918270000, 0x000002391eab0000]
CodeHeap 'non-nmethods': size=5696Kb used=1276Kb max_used=1327Kb free=4419Kb
 bounds [0x000002391eab0000, 0x000002391ed20000, 0x000002391f040000]
 total_blobs=5794 nmethods=5199 adapters=508
 compilation: enabled
              stopped_count=0, restarted_count=0
 full_count=0

Compilation events (20 events):
Event: 19.118 Thread 0x000002392aea4e50 5204       3       org.jetbrains.kotlin.name.FqNamesUtilKt::isChildOf (21 bytes)
Event: 19.120 Thread 0x000002392aea4e50 nmethod 5204 0x000002391824ca90 code [0x000002391824cde0, 0x000002391824e0b8]
Event: 19.124 Thread 0x000002392aea4e50 5206       3       org.jetbrains.kotlin.serialization.deserialization.descriptors.DeserializedAnnotations::getAnnotations (17 bytes)
Event: 19.126 Thread 0x000002392aea4e50 nmethod 5206 0x000002391824e790 code [0x000002391824ea40, 0x000002391824f6a8]
Event: 19.130 Thread 0x000002392aea4e50 5207       3       org.jetbrains.kotlin.load.java.lazy.descriptors.LazyJavaAnnotationDescriptor$type$2::invoke (148 bytes)
Event: 19.133 Thread 0x000002392aea4e50 nmethod 5207 0x000002391824fb10 code [0x000002391824ff20, 0x0000023918251c58]
Event: 19.145 Thread 0x000002392aea4e50 5208       3       org.jetbrains.kotlin.serialization.deserialization.descriptors.DeserializedClassDescriptor$DeserializedClassMemberScope::getContributedVariables (25 bytes)
Event: 19.148 Thread 0x000002392aea4e50 nmethod 5208 0x0000023918252710 code [0x0000023918252bc0, 0x00000239182549f8]
Event: 19.151 Thread 0x000002392aea4e50 5210       3       javaslang.control.Option::getOrElse (20 bytes)
Event: 19.152 Thread 0x000002392aea4e50 nmethod 5210 0x0000023918255490 code [0x0000023918255640, 0x0000023918255918]
Event: 19.152 Thread 0x000002392aea4e50 5211       3       javaslang.control.Option$Some::<init> (10 bytes)
Event: 19.152 Thread 0x000002392aea4e50 nmethod 5211 0x0000023918255a10 code [0x0000023918255ba0, 0x0000023918255d58]
Event: 19.153 Thread 0x000002392aea4e50 5212       3       javaslang.collection.HashArrayMappedTrieModule$LeafSingleton::lookup (31 bytes)
Event: 19.154 Thread 0x000002392aea4e50 nmethod 5212 0x0000023918255e10 code [0x0000023918256000, 0x00000239182566a8]
Event: 19.156 Thread 0x000002392aea4e50 5213       1       org.jetbrains.kotlin.serialization.deserialization.DeserializationConfiguration$DefaultImpls::getPreserveDeclarationsOrdering (2 bytes)
Event: 19.156 Thread 0x000002392aea4e50 nmethod 5213 0x000002391f24e610 code [0x000002391f24e7a0, 0x000002391f24e858]
Event: 19.157 Thread 0x000002392aea4e50 5214       3       org.jetbrains.kotlin.serialization.deserialization.descriptors.DeserializedMemberScope$OptimizedImplementation::<init> (881 bytes)
Event: 19.169 Thread 0x000002392aea4e50 nmethod 5214 0x0000023918256910 code [0x00000239182574e0, 0x000002391825ecc8]
Event: 19.182 Thread 0x000002392aea4e50 5215       3       org.jetbrains.kotlin.com.intellij.openapi.vfs.impl.jar.CoreJarVirtualFile::getFileSystem (16 bytes)
Event: 19.182 Thread 0x000002392aea4e50 nmethod 5215 0x0000023918261910 code [0x0000023918261ac0, 0x0000023918261d38]

GC Heap History (20 events):
Event: 11.428 GC heap after
{Heap after GC invocations=16 (full 0):
 garbage-first heap   total 46080K, used 25684K [0x00000000c8600000, 0x0000000100000000)
  region size 1024K, 2 young (2048K), 2 survivors (2048K)
 Metaspace       used 45676K, committed 45952K, reserved 1089536K
  class space    used 5566K, committed 5696K, reserved 1048576K
}
Event: 12.703 GC heap before
{Heap before GC invocations=16 (full 0):
 garbage-first heap   total 46080K, used 34900K [0x00000000c8600000, 0x0000000100000000)
  region size 1024K, 12 young (12288K), 2 survivors (2048K)
 Metaspace       used 48056K, committed 48320K, reserved 1097728K
  class space    used 5850K, committed 6016K, reserved 1048576K
}
Event: 12.713 GC heap after
{Heap after GC invocations=17 (full 0):
 garbage-first heap   total 46080K, used 26780K [0x00000000c8600000, 0x0000000100000000)
  region size 1024K, 2 young (2048K), 2 survivors (2048K)
 Metaspace       used 48056K, committed 48320K, reserved 1097728K
  class space    used 5850K, committed 6016K, reserved 1048576K
}
Event: 13.365 GC heap before
{Heap before GC invocations=18 (full 0):
 garbage-first heap   total 46080K, used 38044K [0x00000000c8600000, 0x0000000100000000)
  region size 1024K, 11 young (11264K), 2 survivors (2048K)
 Metaspace       used 48524K, committed 48832K, reserved 1097728K
  class space    used 5886K, committed 6016K, reserved 1048576K
}
Event: 13.380 GC heap after
{Heap after GC invocations=19 (full 0):
 garbage-first heap   total 46080K, used 31024K [0x00000000c8600000, 0x0000000100000000)
  region size 1024K, 2 young (2048K), 2 survivors (2048K)
 Metaspace       used 48524K, committed 48832K, reserved 1097728K
  class space    used 5886K, committed 6016K, reserved 1048576K
}
Event: 13.497 GC heap before
{Heap before GC invocations=19 (full 0):
 garbage-first heap   total 46080K, used 32048K [0x00000000c8600000, 0x0000000100000000)
  region size 1024K, 4 young (4096K), 2 survivors (2048K)
 Metaspace       used 48637K, committed 48896K, reserved 1097728K
  class space    used 5888K, committed 6016K, reserved 1048576K
}
Event: 13.506 GC heap after
{Heap after GC invocations=20 (full 0):
 garbage-first heap   total 55296K, used 31734K [0x00000000c8600000, 0x0000000100000000)
  region size 1024K, 1 young (1024K), 1 survivors (1024K)
 Metaspace       used 48637K, committed 48896K, reserved 1097728K
  class space    used 5888K, committed 6016K, reserved 1048576K
}
Event: 13.843 GC heap before
{Heap before GC invocations=21 (full 0):
 garbage-first heap   total 58368K, used 41974K [0x00000000c8600000, 0x0000000100000000)
  region size 1024K, 11 young (11264K), 1 survivors (1024K)
 Metaspace       used 48676K, committed 48960K, reserved 1097728K
  class space    used 5889K, committed 6016K, reserved 1048576K
}
Event: 13.855 GC heap after
{Heap after GC invocations=22 (full 0):
 garbage-first heap   total 58368K, used 34989K [0x00000000c8600000, 0x0000000100000000)
  region size 1024K, 2 young (2048K), 2 survivors (2048K)
 Metaspace       used 48676K, committed 48960K, reserved 1097728K
  class space    used 5889K, committed 6016K, reserved 1048576K
}
Event: 13.951 GC heap before
{Heap before GC invocations=22 (full 0):
 garbage-first heap   total 58368K, used 44205K [0x00000000c8600000, 0x0000000100000000)
  region size 1024K, 11 young (11264K), 2 survivors (2048K)
 Metaspace       used 48705K, committed 48960K, reserved 1097728K
  class space    used 5889K, committed 6016K, reserved 1048576K
}
Event: 13.959 GC heap after
{Heap after GC invocations=23 (full 0):
 garbage-first heap   total 58368K, used 34934K [0x00000000c8600000, 0x0000000100000000)
  region size 1024K, 1 young (1024K), 1 survivors (1024K)
 Metaspace       used 48705K, committed 48960K, reserved 1097728K
  class space    used 5889K, committed 6016K, reserved 1048576K
}
Event: 14.517 GC heap before
{Heap before GC invocations=24 (full 0):
 garbage-first heap   total 61440K, used 44150K [0x00000000c8600000, 0x0000000100000000)
  region size 1024K, 11 young (11264K), 1 survivors (1024K)
 Metaspace       used 49895K, committed 50112K, reserved 1097728K
  class space    used 6044K, committed 6144K, reserved 1048576K
}
Event: 14.526 GC heap after
{Heap after GC invocations=25 (full 0):
 garbage-first heap   total 61440K, used 35853K [0x00000000c8600000, 0x0000000100000000)
  region size 1024K, 2 young (2048K), 2 survivors (2048K)
 Metaspace       used 49895K, committed 50112K, reserved 1097728K
  class space    used 6044K, committed 6144K, reserved 1048576K
}
Event: 16.750 GC heap before
{Heap before GC invocations=25 (full 0):
 garbage-first heap   total 61440K, used 47117K [0x00000000c8600000, 0x0000000100000000)
  region size 1024K, 14 young (14336K), 2 survivors (2048K)
 Metaspace       used 51655K, committed 51904K, reserved 1097728K
  class space    used 6158K, committed 6272K, reserved 1048576K
}
Event: 16.767 GC heap after
{Heap after GC invocations=26 (full 0):
 garbage-first heap   total 61440K, used 37910K [0x00000000c8600000, 0x0000000100000000)
  region size 1024K, 2 young (2048K), 2 survivors (2048K)
 Metaspace       used 51655K, committed 51904K, reserved 1097728K
  class space    used 6158K, committed 6272K, reserved 1048576K
}
Event: 18.246 GC heap before
{Heap before GC invocations=27 (full 0):
 garbage-first heap   total 66560K, used 48150K [0x00000000c8600000, 0x0000000100000000)
  region size 1024K, 12 young (12288K), 2 survivors (2048K)
 Metaspace       used 51973K, committed 52224K, reserved 1097728K
  class space    used 6169K, committed 6272K, reserved 1048576K
}
Event: 18.262 GC heap after
{Heap after GC invocations=28 (full 0):
 garbage-first heap   total 66560K, used 39847K [0x00000000c8600000, 0x0000000100000000)
  region size 1024K, 2 young (2048K), 2 survivors (2048K)
 Metaspace       used 51973K, committed 52224K, reserved 1097728K
  class space    used 6169K, committed 6272K, reserved 1048576K
}
Event: 18.329 GC heap before
{Heap before GC invocations=28 (full 0):
 garbage-first heap   total 66560K, used 40871K [0x00000000c8600000, 0x0000000100000000)
  region size 1024K, 3 young (3072K), 2 survivors (2048K)
 Metaspace       used 51983K, committed 52224K, reserved 1097728K
  class space    used 6169K, committed 6272K, reserved 1048576K
}
Event: 18.339 GC heap after
{Heap after GC invocations=29 (full 0):
 garbage-first heap   total 66560K, used 39433K [0x00000000c8600000, 0x0000000100000000)
  region size 1024K, 1 young (1024K), 1 survivors (1024K)
 Metaspace       used 51983K, committed 52224K, reserved 1097728K
  class space    used 6169K, committed 6272K, reserved 1048576K
}
Event: 19.198 GC heap before
{Heap before GC invocations=29 (full 0):
 garbage-first heap   total 66560K, used 52745K [0x00000000c8600000, 0x0000000100000000)
  region size 1024K, 14 young (14336K), 1 survivors (1024K)
 Metaspace       used 52075K, committed 52288K, reserved 1097728K
  class space    used 6170K, committed 6272K, reserved 1048576K
}

Dll operation events (2 events):
Event: 0.070 Loaded shared library C:\Program Files\Android\Android Studio1\jbr\bin\java.dll
Event: 3.161 Loaded shared library C:\Program Files\Android\Android Studio1\jbr\bin\verify.dll

Deoptimization events (20 events):
Event: 18.977 Thread 0x00000239128e9bf0 Uncommon trap: trap_request=0xffffffbe fr.pc=0x000002391f23a9e4 relative=0x0000000000000404
Event: 18.977 Thread 0x00000239128e9bf0 Uncommon trap: reason=profile_predicate action=maybe_recompile pc=0x000002391f23a9e4 method=java.util.regex.Pattern$Slice.match(Ljava/util/regex/Matcher;ILjava/lang/CharSequence;)Z @ 18 c2
Event: 18.977 Thread 0x00000239128e9bf0 DEOPT PACKING pc=0x000002391f23a9e4 sp=0x000000fe089fb710
Event: 18.977 Thread 0x00000239128e9bf0 DEOPT UNPACKING pc=0x000002391eb0699d sp=0x000000fe089fb628 mode 2
Event: 18.977 Thread 0x00000239128e9bf0 Uncommon trap: trap_request=0xffffffbe fr.pc=0x000002391f23a9e4 relative=0x0000000000000404
Event: 18.977 Thread 0x00000239128e9bf0 Uncommon trap: reason=profile_predicate action=maybe_recompile pc=0x000002391f23a9e4 method=java.util.regex.Pattern$Slice.match(Ljava/util/regex/Matcher;ILjava/lang/CharSequence;)Z @ 18 c2
Event: 18.977 Thread 0x00000239128e9bf0 DEOPT PACKING pc=0x000002391f23a9e4 sp=0x000000fe089fbb40
Event: 18.977 Thread 0x00000239128e9bf0 DEOPT UNPACKING pc=0x000002391eb0699d sp=0x000000fe089fba58 mode 2
Event: 18.977 Thread 0x00000239128e9bf0 Uncommon trap: trap_request=0xffffffbe fr.pc=0x000002391f23a9e4 relative=0x0000000000000404
Event: 18.977 Thread 0x00000239128e9bf0 Uncommon trap: reason=profile_predicate action=maybe_recompile pc=0x000002391f23a9e4 method=java.util.regex.Pattern$Slice.match(Ljava/util/regex/Matcher;ILjava/lang/CharSequence;)Z @ 18 c2
Event: 18.977 Thread 0x00000239128e9bf0 DEOPT PACKING pc=0x000002391f23a9e4 sp=0x000000fe089fbb80
Event: 18.978 Thread 0x00000239128e9bf0 DEOPT UNPACKING pc=0x000002391eb0699d sp=0x000000fe089fba98 mode 2
Event: 18.978 Thread 0x00000239128e9bf0 Uncommon trap: trap_request=0xffffffbe fr.pc=0x000002391f23a9e4 relative=0x0000000000000404
Event: 18.978 Thread 0x00000239128e9bf0 Uncommon trap: reason=profile_predicate action=maybe_recompile pc=0x000002391f23a9e4 method=java.util.regex.Pattern$Slice.match(Ljava/util/regex/Matcher;ILjava/lang/CharSequence;)Z @ 18 c2
Event: 18.978 Thread 0x00000239128e9bf0 DEOPT PACKING pc=0x000002391f23a9e4 sp=0x000000fe089fc110
Event: 18.978 Thread 0x00000239128e9bf0 DEOPT UNPACKING pc=0x000002391eb0699d sp=0x000000fe089fc028 mode 2
Event: 19.172 Thread 0x00000239128e9bf0 Uncommon trap: trap_request=0xfffffff4 fr.pc=0x000002391f1f60a4 relative=0x0000000000000704
Event: 19.172 Thread 0x00000239128e9bf0 Uncommon trap: reason=null_check action=make_not_entrant pc=0x000002391f1f60a4 method=org.jetbrains.kotlin.utils.WrappedValues.unescapeThrowable(Ljava/lang/Object;)Ljava/lang/Object; @ 1 c2
Event: 19.172 Thread 0x00000239128e9bf0 DEOPT PACKING pc=0x000002391f1f60a4 sp=0x000000fe089fca00
Event: 19.172 Thread 0x00000239128e9bf0 DEOPT UNPACKING pc=0x000002391eb0699d sp=0x000000fe089fc958 mode 2

Classes unloaded (0 events):
No events

Classes redefined (0 events):
No events

Internal exceptions (20 events):
Event: 3.703 Thread 0x00000239128e9bf0 Exception <a 'java/lang/NoSuchMethodError'{0x00000000cbdbe9c0}: 'long java.lang.invoke.DirectMethodHandle$Holder.invokeStatic(java.lang.Object)'> (0x00000000cbdbe9c0) 
thrown [s\src\hotspot\share\interpreter\linkResolver.cpp, line 771]
Event: 3.704 Thread 0x00000239128e9bf0 Exception <a 'java/lang/NoSuchMethodError'{0x00000000cbdc2118}: 'long java.lang.invoke.DirectMethodHandle$Holder.invokeStaticInit(java.lang.Object)'> (0x00000000cbdc2118) 
thrown [s\src\hotspot\share\interpreter\linkResolver.cpp, line 771]
Event: 3.858 Thread 0x00000239128e9bf0 Exception <a 'java/lang/NoSuchMethodError'{0x00000000ca6394f8}: 'int java.lang.invoke.DirectMethodHandle$Holder.invokeStaticInit(java.lang.Object, java.lang.Object, java.lang.Object)'> (0x00000000ca6394f8) 
thrown [s\src\hotspot\share\interpreter\linkResolver.cpp, line 771]
Event: 3.867 Thread 0x00000239128e9bf0 Exception <a 'java/lang/NoSuchMethodError'{0x00000000ca660c00}: 'int java.lang.invoke.DirectMethodHandle$Holder.invokeStaticInit(java.lang.Object, java.lang.Object)'> (0x00000000ca660c00) 
thrown [s\src\hotspot\share\interpreter\linkResolver.cpp, line 771]
Event: 3.910 Thread 0x00000239128e9bf0 Exception <a 'java/lang/NoSuchMethodError'{0x00000000ca53a808}: 'void java.lang.invoke.DirectMethodHandle$Holder.invokeSpecial(java.lang.Object, java.lang.Object, java.lang.Object)'> (0x00000000ca53a808) 
thrown [s\src\hotspot\share\interpreter\linkResolver.cpp, line 771]
Event: 5.452 Thread 0x00000239128e9bf0 Exception <a 'java/lang/NoSuchMethodError'{0x00000000c95e4db8}: 'void java.lang.invoke.DirectMethodHandle$Holder.invokeStatic(java.lang.Object, java.lang.Object, java.lang.Object, java.lang.Object)'> (0x00000000c95e4db8) 
thrown [s\src\hotspot\share\interpreter\linkResolver.cpp, line 771]
Event: 5.998 Thread 0x00000239128e9bf0 Exception <a 'java/lang/NoSuchMethodError'{0x00000000ca794c80}: 'void java.lang.invoke.DirectMethodHandle$Holder.invokeStaticInit(java.lang.Object, java.lang.Object)'> (0x00000000ca794c80) 
thrown [s\src\hotspot\share\interpreter\linkResolver.cpp, line 771]
Event: 6.241 Thread 0x00000239128e9bf0 Exception <a 'java/lang/NoSuchMethodError'{0x00000000ca38c560}: 'void java.lang.invoke.DirectMethodHandle$Holder.invokeVirtual(java.lang.Object, java.lang.Object)'> (0x00000000ca38c560) 
thrown [s\src\hotspot\share\interpreter\linkResolver.cpp, line 771]
Event: 6.269 Thread 0x00000239128e9bf0 Exception <a 'java/lang/NoSuchMethodError'{0x00000000ca20c500}: 'int java.lang.invoke.DirectMethodHandle$Holder.invokeVirtual(java.lang.Object, java.lang.Object)'> (0x00000000ca20c500) 
thrown [s\src\hotspot\share\interpreter\linkResolver.cpp, line 771]
Event: 6.311 Thread 0x00000239128e9bf0 Exception <a 'java/lang/NoSuchMethodError'{0x00000000ca2d7128}: 'java.lang.Object java.lang.invoke.Invokers$Holder.invokeExact_MT(java.lang.Object, java.lang.Object, java.lang.Object, java.lang.Object, java.lang.Object, java.lang.Object)'> (0x00000000ca2d7128) 
thrown [s\src\hotspot\share\interpreter\linkResolver.cpp, line 771]
Event: 8.359 Thread 0x00000239128e9bf0 Exception <a 'java/lang/NoSuchMethodError'{0x00000000cb1790c0}: 'java.lang.Object java.lang.invoke.DirectMethodHandle$Holder.invokeVirtual(java.lang.Object, java.lang.Object, java.lang.Object)'> (0x00000000cb1790c0) 
thrown [s\src\hotspot\share\interpreter\linkResolver.cpp, line 771]
Event: 11.176 Thread 0x00000239128e9bf0 Exception <a 'java/lang/NoSuchMethodError'{0x00000000cabfbfa0}: 'java.lang.Object java.lang.invoke.DirectMethodHandle$Holder.newInvokeSpecial(java.lang.Object, java.lang.Object, java.lang.Object, int)'> (0x00000000cabfbfa0) 
thrown [s\src\hotspot\share\interpreter\linkResolver.cpp, line 771]
Event: 11.177 Thread 0x00000239128e9bf0 Exception <a 'java/lang/NoSuchMethodError'{0x00000000caa00ad8}: 'java.lang.Object java.lang.invoke.DirectMethodHandle$Holder.invokeSpecial(java.lang.Object, java.lang.Object, java.lang.Object, java.lang.Object, int)'> (0x00000000caa00ad8) 
thrown [s\src\hotspot\share\interpreter\linkResolver.cpp, line 771]
Event: 11.178 Thread 0x00000239128e9bf0 Exception <a 'java/lang/NoSuchMethodError'{0x00000000caa04948}: 'java.lang.Object java.lang.invoke.Invokers$Holder.linkToTargetMethod(java.lang.Object, java.lang.Object, int, java.lang.Object)'> (0x00000000caa04948) 
thrown [s\src\hotspot\share\interpreter\linkResolver.cpp, line 771]
Event: 11.830 Thread 0x00000239128e9bf0 Exception <a 'java/lang/NoSuchMethodError'{0x00000000cac48678}: 'java.lang.Object java.lang.invoke.DirectMethodHandle$Holder.invokeInterface(java.lang.Object, java.lang.Object)'> (0x00000000cac48678) 
thrown [s\src\hotspot\share\interpreter\linkResolver.cpp, line 771]
Event: 11.834 Thread 0x00000239128e9bf0 Exception <a 'java/lang/NoSuchMethodError'{0x00000000cac57490}: 'java.lang.Object java.lang.invoke.DirectMethodHandle$Holder.newInvokeSpecial(java.lang.Object, java.lang.Object, int)'> (0x00000000cac57490) 
thrown [s\src\hotspot\share\interpreter\linkResolver.cpp, line 771]
Event: 15.583 Thread 0x00000239128e9bf0 Exception <a 'java/lang/NoSuchMethodError'{0x00000000cbc5cbd8}: 'java.lang.Object java.lang.invoke.DirectMethodHandle$Holder.invokeStaticInit(java.lang.Object, java.lang.Object, java.lang.Object)'> (0x00000000cbc5cbd8) 
thrown [s\src\hotspot\share\interpreter\linkResolver.cpp, line 771]
Event: 18.663 Thread 0x00000239128e9bf0 Implicit null exception at 0x000002391f0897ea to 0x000002391f0899ac
Event: 18.663 Thread 0x00000239128e9bf0 Implicit null exception at 0x000002391f0a648f to 0x000002391f0a6505
Event: 19.172 Thread 0x00000239128e9bf0 Implicit null exception at 0x000002391f1f5c54 to 0x000002391f1f6097

VM Operations (20 events):
Event: 16.931 Executing VM operation: G1Concurrent done
Event: 16.989 Executing VM operation: G1Concurrent
Event: 16.990 Executing VM operation: G1Concurrent done
Event: 17.504 Executing VM operation: ICBufferFull
Event: 17.504 Executing VM operation: ICBufferFull done
Event: 17.627 Executing VM operation: HandshakeAllThreads
Event: 17.627 Executing VM operation: HandshakeAllThreads done
Event: 17.652 Executing VM operation: HandshakeAllThreads
Event: 17.652 Executing VM operation: HandshakeAllThreads done
Event: 17.655 Executing VM operation: HandshakeAllThreads
Event: 17.655 Executing VM operation: HandshakeAllThreads done
Event: 17.962 Executing VM operation: ICBufferFull
Event: 17.963 Executing VM operation: ICBufferFull done
Event: 18.246 Executing VM operation: G1CollectForAllocation
Event: 18.262 Executing VM operation: G1CollectForAllocation done
Event: 18.329 Executing VM operation: G1CollectForAllocation
Event: 18.339 Executing VM operation: G1CollectForAllocation done
Event: 18.654 Executing VM operation: ICBufferFull
Event: 18.654 Executing VM operation: ICBufferFull done
Event: 19.198 Executing VM operation: G1CollectForAllocation

Events (20 events):
Event: 11.451 loading class java/util/AbstractList$ListItr
Event: 11.451 loading class java/util/AbstractList$ListItr done
Event: 11.616 loading class java/text/StringCharacterIterator
Event: 11.617 loading class java/text/CharacterIterator
Event: 11.617 loading class java/text/CharacterIterator done
Event: 11.617 loading class java/text/StringCharacterIterator done
Event: 12.527 loading class java/security/CodeSigner
Event: 12.527 loading class java/security/CodeSigner done
Event: 12.947 loading class java/util/Collections$SingletonMap
Event: 12.948 loading class java/util/Collections$SingletonMap done
Event: 14.226 loading class java/util/AbstractList$RandomAccessSpliterator
Event: 14.226 loading class java/util/AbstractList$RandomAccessSpliterator done
Event: 14.227 loading class java/util/stream/ReferencePipeline$2
Event: 14.228 loading class java/util/stream/ReferencePipeline$2 done
Event: 14.231 loading class java/util/stream/ReferencePipeline$2$1
Event: 14.231 loading class java/util/stream/ReferencePipeline$2$1 done
Event: 14.281 loading class java/util/function/IntUnaryOperator
Event: 14.281 loading class java/util/function/IntUnaryOperator done
Event: 14.669 loading class java/util/RegularEnumSet$EnumSetIterator
Event: 14.669 loading class java/util/RegularEnumSet$EnumSetIterator done


Dynamic libraries:
0x00007ff6c24f0000 - 0x00007ff6c24fa000 	C:\Program Files\Android\Android Studio1\jbr\bin\java.exe
0x00007ffe500f0000 - 0x00007ffe502e8000 	C:\Windows\SYSTEM32\ntdll.dll
0x00007ffe4fff0000 - 0x00007ffe500ad000 	C:\Windows\System32\KERNEL32.DLL
0x00007ffe4de50000 - 0x00007ffe4e146000 	C:\Windows\System32\KERNELBASE.dll
0x00007ffe4d950000 - 0x00007ffe4da50000 	C:\Windows\System32\ucrtbase.dll
0x00007ffe461a0000 - 0x00007ffe461b7000 	C:\Program Files\Android\Android Studio1\jbr\bin\jli.dll
0x00007ffe3f310000 - 0x00007ffe3f32b000 	C:\Program Files\Android\Android Studio1\jbr\bin\VCRUNTIME140.dll
0x00007ffe4eba0000 - 0x00007ffe4ed3e000 	C:\Windows\System32\USER32.dll
0x00007ffe4d880000 - 0x00007ffe4d8a2000 	C:\Windows\System32\win32u.dll
0x00007ffe4e3c0000 - 0x00007ffe4e3ec000 	C:\Windows\System32\GDI32.dll
0x00007ffe3eb30000 - 0x00007ffe3edca000 	C:\Windows\WinSxS\amd64_microsoft.windows.common-controls_6595b64144ccf1df_6.0.19041.1110_none_60b5254171f9507e\COMCTL32.dll
0x00007ffe4dce0000 - 0x00007ffe4ddfa000 	C:\Windows\System32\gdi32full.dll
0x00007ffe4f150000 - 0x00007ffe4f1ee000 	C:\Windows\System32\msvcrt.dll
0x00007ffe4d8b0000 - 0x00007ffe4d94d000 	C:\Windows\System32\msvcp_win.dll
0x00007ffe4ed40000 - 0x00007ffe4ed70000 	C:\Windows\System32\IMM32.DLL
0x00007ffe49510000 - 0x00007ffe4951c000 	C:\Program Files\Android\Android Studio1\jbr\bin\vcruntime140_1.dll
0x00007ffe36000000 - 0x00007ffe3608d000 	C:\Program Files\Android\Android Studio1\jbr\bin\msvcp140.dll
0x00007ffdf1350000 - 0x00007ffdf1fbe000 	C:\Program Files\Android\Android Studio1\jbr\bin\server\jvm.dll
0x00007ffe4e4a0000 - 0x00007ffe4e54e000 	C:\Windows\System32\ADVAPI32.dll
0x00007ffe4ff50000 - 0x00007ffe4ffec000 	C:\Windows\System32\sechost.dll
0x00007ffe4fd50000 - 0x00007ffe4fe76000 	C:\Windows\System32\RPCRT4.dll
0x00007ffe3b960000 - 0x00007ffe3b969000 	C:\Windows\SYSTEM32\WSOCK32.dll
0x00007ffe4fe80000 - 0x00007ffe4feeb000 	C:\Windows\System32\WS2_32.dll
0x00007ffe44d00000 - 0x00007ffe44d27000 	C:\Windows\SYSTEM32\WINMM.dll
0x00007ffe44d30000 - 0x00007ffe44d3a000 	C:\Windows\SYSTEM32\VERSION.dll
0x00007ffe4b660000 - 0x00007ffe4b672000 	C:\Windows\SYSTEM32\kernel.appcore.dll
0x00007ffe3e810000 - 0x00007ffe3e81a000 	C:\Program Files\Android\Android Studio1\jbr\bin\jimage.dll
0x00007ffe3bb60000 - 0x00007ffe3bd44000 	C:\Windows\SYSTEM32\DBGHELP.DLL
0x00007ffe3b920000 - 0x00007ffe3b954000 	C:\Windows\SYSTEM32\dbgcore.DLL
0x00007ffe4da50000 - 0x00007ffe4dad2000 	C:\Windows\System32\bcryptPrimitives.dll
0x00007ffe3c400000 - 0x00007ffe3c425000 	C:\Program Files\Android\Android Studio1\jbr\bin\java.dll
0x00007ffe32000000 - 0x00007ffe32018000 	C:\Program Files\Android\Android Studio1\jbr\bin\zip.dll
0x00007ffe4f390000 - 0x00007ffe4fad5000 	C:\Windows\System32\SHELL32.dll
0x00007ffe4b860000 - 0x00007ffe4bffb000 	C:\Windows\SYSTEM32\windows.storage.dll
0x00007ffe4ed70000 - 0x00007ffe4f0c4000 	C:\Windows\System32\combase.dll
0x00007ffe4d210000 - 0x00007ffe4d23e000 	C:\Windows\SYSTEM32\Wldp.dll
0x00007ffe4fbb0000 - 0x00007ffe4fc5d000 	C:\Windows\System32\SHCORE.dll
0x00007ffe4e240000 - 0x00007ffe4e295000 	C:\Windows\System32\shlwapi.dll
0x00007ffe4d700000 - 0x00007ffe4d725000 	C:\Windows\SYSTEM32\profapi.dll
0x00007ffe46650000 - 0x00007ffe46669000 	C:\Program Files\Android\Android Studio1\jbr\bin\net.dll
0x00007ffe43100000 - 0x00007ffe4320a000 	C:\Windows\SYSTEM32\WINHTTP.dll
0x00007ffe4cf70000 - 0x00007ffe4cfda000 	C:\Windows\system32\mswsock.dll
0x00007ffe46630000 - 0x00007ffe46646000 	C:\Program Files\Android\Android Studio1\jbr\bin\nio.dll
0x00007ffe481d0000 - 0x00007ffe481e0000 	C:\Program Files\Android\Android Studio1\jbr\bin\verify.dll

dbghelp: loaded successfully - version: 4.0.5 - missing functions: none
symbol engine: initialized successfully - sym options: 0x614 - pdb path: .;C:\Program Files\Android\Android Studio1\jbr\bin;C:\Windows\SYSTEM32;C:\Windows\WinSxS\amd64_microsoft.windows.common-controls_6595b64144ccf1df_6.0.19041.1110_none_60b5254171f9507e;C:\Program Files\Android\Android Studio1\jbr\bin\server

VM Arguments:
java_command: org.jetbrains.kotlin.cli.jvm.K2JVMCompiler @C:\CODE_PLAYGROUND\Travist\app\build\20231011_10537148478232336046.compiler.options
java_class_path (initial): C:\Users\Khizar\.gradle\caches\modules-2\files-2.1\org.jetbrains.kotlin\kotlin-compiler-embeddable\1.7.10\909803167c98606fcf22b4c848647c68e351d48d\kotlin-compiler-embeddable-1.7.10.jar;C:\Users\Khizar\.gradle\caches\modules-2\files-2.1\org.jetbrains.kotlin\kotlin-reflect\1.7.10\165e600dfea6185cf5efa700756294cc4904dbeb\kotlin-reflect-1.7.10.jar;C:\Users\Khizar\.gradle\caches\modules-2\files-2.1\org.jetbrains.kotlin\kotlin-stdlib\1.7.10\d2abf9e77736acc4450dc4a3f707fa2c10f5099d\kotlin-stdlib-1.7.10.jar;C:\Users\Khizar\.gradle\caches\modules-2\files-2.1\org.jetbrains.kotlin\kotlin-script-runtime\1.7.10\c99c87a6988d8fd8d5142e9ed5c9f34a7cf561ee\kotlin-script-runtime-1.7.10.jar;C:\Users\Khizar\.gradle\caches\modules-2\files-2.1\org.jetbrains.kotlin\kotlin-daemon-embeddable\1.7.10\3a9f7aef7080d3ae63126cbba4f827ed664f32fa\kotlin-daemon-embeddable-1.7.10.jar;C:\Users\Khizar\.gradle\caches\modules-2\files-2.1\org.jetbrains.intellij.deps\trove4j\1.0.20200330\3afb14d5f9ceb459d724e907a21145e8ff394f02\trove4j-1.0.20200330.jar;C:\Users\Khizar\.gradle\caches\modules-2\files-2.1\net.java.dev.jna\jna\5.6.0\330f2244e9030119ab3030fc3fededc86713d9cc\jna-5.6.0.jar;C:\Users\Khizar\.gradle\caches\modules-2\files-2.1\org.jetbrains.kotlin\kotlin-stdlib-common\1.7.10\bac80c520d0a9e3f3673bc2658c6ed02ef45a76a\kotlin-stdlib-common-1.7.10.jar;C:\Users\Khizar\.gradle\caches\modules-2\files-2.1\org.jetbrains\annotations\13.0\919f0dfe192fb4e063e7dacadee7f8bb9a2672a9\annotations-13.0.jar
Launcher Type: SUN_STANDARD

[Global flags]
     intx CICompilerCount                          = 2                                         {product} {ergonomic}
     uint ConcGCThreads                            = 1                                         {product} {ergonomic}
     uint G1ConcRefinementThreads                  = 2                                         {product} {ergonomic}
   size_t G1HeapRegionSize                         = 1048576                                   {product} {ergonomic}
    uintx GCDrainStackTargetSize                   = 64                                        {product} {ergonomic}
   size_t InitialHeapSize                          = 58720256                                  {product} {ergonomic}
   size_t MarkStackSize                            = 4194304                                   {product} {ergonomic}
   size_t MaxHeapSize                              = 933232640                                 {product} {ergonomic}
   size_t MaxNewSize                               = 559939584                                 {product} {ergonomic}
   size_t MinHeapDeltaBytes                        = 1048576                                   {product} {ergonomic}
   size_t MinHeapSize                              = 8388608                                   {product} {ergonomic}
    uintx NonNMethodCodeHeapSize                   = 5826188                                {pd product} {ergonomic}
    uintx NonProfiledCodeHeapSize                  = 122916026                              {pd product} {ergonomic}
    uintx ProfiledCodeHeapSize                     = 122916026                              {pd product} {ergonomic}
    uintx ReservedCodeCacheSize                    = 251658240                              {pd product} {ergonomic}
     bool SegmentedCodeCache                       = true                                      {product} {ergonomic}
   size_t SoftMaxHeapSize                          = 933232640                              {manageable} {ergonomic}
     bool UseCompressedClassPointers               = true                           {product lp64_product} {ergonomic}
     bool UseCompressedOops                        = true                           {product lp64_product} {ergonomic}
     bool UseG1GC                                  = true                                      {product} {ergonomic}
     bool UseLargePagesIndividualAllocation        = false                                  {pd product} {ergonomic}

Logging:
Log output configuration:
 #0: stdout all=warning uptime,level,tags
 #1: stderr all=off uptime,level,tags

Environment Variables:
PATH=C:\Program Files (x86)\Common Files\Oracle\Java\javapath;C:\oraclexe\app\oracle\product\11.2.0\server\bin;;C:\Program Files (x86)\Common Files\Intel\Shared Libraries\redist\intel64\compiler;C:\Windows\system32;C:\Windows;C:\Windows\System32\Wbem;C:\Windows\System32\WindowsPowerShell\v1.0\;C:\Windows\System32\OpenSSH\;C:\Program Files (x86)\ATI Technologies\ATI.ACE\Core-Static;C:\Program Files\nodejs\;C:\ProgramData\chocolatey\bin;C:\Program Files\Git\cmd;C:\Program Files\MySQL\MySQL Shell 8.0\bin\;C:\Users\Khizar\AppData\Local\Microsoft\WindowsApps;C:\Program Files\JetBrains\IntelliJ IDEA Community Edition 2023.1.3\bin;;C:\Users\Khizar\AppData\Roaming\npm;C:\Users\Khizar\AppData\Local\Programs\Microsoft VS Code\bin;C:\Users\Khizar\AppData\Local\GitHubDesktop\bin
USERNAME=Khizar
OS=Windows_NT
PROCESSOR_IDENTIFIER=AMD64 Family 18 Model 1 Stepping 0, AuthenticAMD
TMP=C:\Users\Khizar\AppData\Local\Temp
TEMP=C:\Users\Khizar\AppData\Local\Temp


JNI global refs:
JNI global refs: 7, weak refs: 3

JNI global refs memory usage: 843, weak refs: 841


---------------  S Y S T E M  ---------------

OS:
 Windows 10 , 64 bit Build 19041 (10.0.19041.3393)
OS uptime: 0 days 22:07 hours

CPU: total 2 (initial active 2) (2 cores per cpu, 1 threads per core) family 18 model 1 stepping 0 microcode 0x0, cx8, cmov, fxsr, mmx, 3dnowpref, sse, sse2, sse3, sse4a, popcnt, lzcnt, tsc, tscinvbit, clflush

Memory: 4k page, system-wide physical 3552M (223M free)
TotalPageFile size 7648M (AvailPageFile size 31M)
current process WorkingSet (physical memory assigned to process): 208M, peak: 211M
current process commit charge ("private bytes"): 230M, peak: 265M

vm_info: OpenJDK 64-Bit Server VM (17.0.6+0-b2043.56-10027231) for windows-amd64 JRE (17.0.6+0-b2043.56-10027231), built on Apr 28 2023 00:43:19 by "androidbuild" with MS VC++ 16.10 / 16.11 (VS2019)

END.
