#
# There is insufficient memory for the Java Runtime Environment to continue.
# Native memory allocation (malloc) failed to allocate 549136 bytes for Chunk::new
# Possible reasons:
#   The system is out of physical RAM or swap space
#   The process is running with CompressedOops enabled, and the Java Heap may be blocking the growth of the native heap
# Possible solutions:
#   Reduce memory load on the system
#   Increase physical memory or swap space
#   Check if swap backing store is full
#   Decrease Java heap size (-Xmx/-Xms)
#   Decrease number of Java threads
#   Decrease Java thread stack sizes (-Xss)
#   Set larger code cache with -XX:ReservedCodeCacheSize=
#   JVM is running with Unscaled Compressed Oops mode in which the Java heap is
#     placed in the first 4GB address space. The Java Heap base address is the
#     maximum limit for the native heap growth. Please use -XX:HeapBaseMinAddress
#     to set the Java Heap base and to place the Java Heap above 4GB virtual address.
# This output file may be truncated or incomplete.
#
#  Out of Memory Error (arena.cpp:189), pid=11080, tid=11480
#
# JRE version: OpenJDK Runtime Environment (17.0.6) (build 17.0.6+0-b2043.56-10027231)
# Java VM: OpenJDK 64-Bit Server VM (17.0.6+0-b2043.56-10027231, mixed mode, tiered, compressed oops, compressed class ptrs, g1 gc, windows-amd64)
# No core dump will be written. Minidumps are not enabled by default on client versions of Windows
#

---------------  S U M M A R Y ------------

Command Line: org.jetbrains.kotlin.cli.jvm.K2JVMCompiler @C:\CODE_PLAYGROUND\Travist\app\build\20231011_1005311899471663962.compiler.options

Host: AMD A4-3300M APU with Radeon(tm) HD Graphics, 2 cores, 3G,  Windows 10 , 64 bit Build 19041 (10.0.19041.3393)
Time: Wed Oct 11 21:49:21 2023 Pacific Daylight Time elapsed time: 11.072441 seconds (0d 0h 0m 11s)

---------------  T H R E A D  ---------------

Current thread (0x000002bd7e44cf30):  JavaThread "C2 CompilerThread0" daemon [_thread_in_native, id=11480, stack(0x000000cbb4900000,0x000000cbb4a00000)]


Current CompileTask:
C2:  11072 2832       4       java.lang.PublicMethods::merge (81 bytes)

Stack: [0x000000cbb4900000,0x000000cbb4a00000]
Native frames: (J=compiled Java code, j=interpreted, Vv=VM code, C=native code)
V  [jvm.dll+0x683c9a]
V  [jvm.dll+0x8427a4]
V  [jvm.dll+0x843f9e]
V  [jvm.dll+0x844603]
V  [jvm.dll+0x249b75]
V  [jvm.dll+0xabcac]
V  [jvm.dll+0xac27c]
V  [jvm.dll+0x368802]
V  [jvm.dll+0x332f31]
V  [jvm.dll+0x3323da]
V  [jvm.dll+0x21c201]
V  [jvm.dll+0x21b621]
V  [jvm.dll+0x1a4fdd]
V  [jvm.dll+0x22b098]
V  [jvm.dll+0x229159]
V  [jvm.dll+0x7f81ec]
V  [jvm.dll+0x7f274a]
V  [jvm.dll+0x682ad5]
C  [ucrtbase.dll+0x21bb2]
C  [KERNEL32.DLL+0x17344]
C  [ntdll.dll+0x526b1]


---------------  P R O C E S S  ---------------

Threads class SMR info:
_java_thread_list=0x000002bd7f0f9ac0, length=12, elements={
0x000002bd76e1a840, 0x000002bd7e3e7f60, 0x000002bd7e41b290, 0x000002bd7e432be0,
0x000002bd7e457460, 0x000002bd7e457e10, 0x000002bd7e44c250, 0x000002bd7e44cf30,
0x000002bd7e465780, 0x000002bd7e470170, 0x000002bd7f119410, 0x000002bd7f130010
}

Java Threads: ( => current thread )
  0x000002bd76e1a840 JavaThread "main" [_thread_in_vm, id=11608, stack(0x000000cbb3c00000,0x000000cbb3d00000)]
  0x000002bd7e3e7f60 JavaThread "Reference Handler" daemon [_thread_blocked, id=8740, stack(0x000000cbb4300000,0x000000cbb4400000)]
  0x000002bd7e41b290 JavaThread "Finalizer" daemon [_thread_blocked, id=10184, stack(0x000000cbb4400000,0x000000cbb4500000)]
  0x000002bd7e432be0 JavaThread "Signal Dispatcher" daemon [_thread_blocked, id=8796, stack(0x000000cbb4500000,0x000000cbb4600000)]
  0x000002bd7e457460 JavaThread "Attach Listener" daemon [_thread_blocked, id=1516, stack(0x000000cbb4600000,0x000000cbb4700000)]
  0x000002bd7e457e10 JavaThread "Service Thread" daemon [_thread_blocked, id=6296, stack(0x000000cbb4700000,0x000000cbb4800000)]
  0x000002bd7e44c250 JavaThread "Monitor Deflation Thread" daemon [_thread_blocked, id=9028, stack(0x000000cbb4800000,0x000000cbb4900000)]
=>0x000002bd7e44cf30 JavaThread "C2 CompilerThread0" daemon [_thread_in_native, id=11480, stack(0x000000cbb4900000,0x000000cbb4a00000)]
  0x000002bd7e465780 JavaThread "C1 CompilerThread0" daemon [_thread_blocked, id=4780, stack(0x000000cbb4a00000,0x000000cbb4b00000)]
  0x000002bd7e470170 JavaThread "Sweeper thread" daemon [_thread_blocked, id=4700, stack(0x000000cbb4b00000,0x000000cbb4c00000)]
  0x000002bd7f119410 JavaThread "Notification Thread" daemon [_thread_blocked, id=440, stack(0x000000cbb4c00000,0x000000cbb4d00000)]
  0x000002bd7f130010 JavaThread "Common-Cleaner" daemon [_thread_blocked, id=9008, stack(0x000000cbb4e00000,0x000000cbb4f00000)]

Other Threads:
  0x000002bd7e3e4330 VMThread "VM Thread" [stack: 0x000000cbb4200000,0x000000cbb4300000] [id=11720]
  0x000002bd7f119cf0 WatcherThread [stack: 0x000000cbb4d00000,0x000000cbb4e00000] [id=10944]
  0x000002bd76e53da0 GCTaskThread "GC Thread#0" [stack: 0x000000cbb3d00000,0x000000cbb3e00000] [id=10444]
  0x000002bd7f2ca0a0 GCTaskThread "GC Thread#1" [stack: 0x000000cbb4f00000,0x000000cbb5000000] [id=11852]
  0x000002bd76e5bc20 ConcurrentGCThread "G1 Main Marker" [stack: 0x000000cbb3e00000,0x000000cbb3f00000] [id=8916]
  0x000002bd76e5c630 ConcurrentGCThread "G1 Conc#0" [stack: 0x000000cbb3f00000,0x000000cbb4000000] [id=11592]
  0x000002bd76e91210 ConcurrentGCThread "G1 Refine#0" [stack: 0x000000cbb4000000,0x000000cbb4100000] [id=9948]
  0x000002bd76e91c30 ConcurrentGCThread "G1 Service" [stack: 0x000000cbb4100000,0x000000cbb4200000] [id=11308]

Threads with active compile tasks:
C2 CompilerThread0    11113 2832       4       java.lang.PublicMethods::merge (81 bytes)

VM state: not at safepoint (normal execution)

VM Mutex/Monitor currently owned by a thread: None

Heap address: 0x00000000c8600000, size: 890 MB, Compressed Oops mode: 32-bit

CDS archive(s) not mapped
Compressed class space mapped at: 0x0000000100000000-0x0000000140000000, reserved size: 1073741824
Narrow klass base: 0x0000000000000000, Narrow klass shift: 3, Narrow klass range: 0x140000000

GC Precious Log:
 CPUs: 2 total, 2 available
 Memory: 3552M
 Large Page Support: Disabled
 NUMA Support: Disabled
 Compressed Oops: Enabled (32-bit)
 Heap Region Size: 1M
 Heap Min Capacity: 8M
 Heap Initial Capacity: 56M
 Heap Max Capacity: 890M
 Pre-touch: Disabled
 Parallel Workers: 2
 Concurrent Workers: 1
 Concurrent Refinement Workers: 2
 Periodic GC: Disabled

Heap:
 garbage-first heap   total 63488K, used 23786K [0x00000000c8600000, 0x0000000100000000)
  region size 1024K, 3 young (3072K), 2 survivors (2048K)
 Metaspace       used 40744K, committed 40960K, reserved 1089536K
  class space    used 5006K, committed 5056K, reserved 1048576K

Heap Regions: E=young(eden), S=young(survivor), O=old, HS=humongous(starts), HC=humongous(continues), CS=collection set, F=free, OA=open archive, CA=closed archive, TAMS=top-at-mark-start (previous, next)
|   0|0x00000000c8600000, 0x00000000c8700000, 0x00000000c8700000|100%|HS|  |TAMS 0x00000000c8700000, 0x00000000c8600000| Complete 
|   1|0x00000000c8700000, 0x00000000c8800000, 0x00000000c8800000|100%|HC|  |TAMS 0x00000000c8800000, 0x00000000c8700000| Complete 
|   2|0x00000000c8800000, 0x00000000c8900000, 0x00000000c8900000|100%|HC|  |TAMS 0x00000000c8900000, 0x00000000c8800000| Complete 
|   3|0x00000000c8900000, 0x00000000c8a00000, 0x00000000c8a00000|100%| O|  |TAMS 0x00000000c8a00000, 0x00000000c8900000| Untracked 
|   4|0x00000000c8a00000, 0x00000000c8b00000, 0x00000000c8b00000|100%| O|  |TAMS 0x00000000c8b00000, 0x00000000c8a00000| Untracked 
|   5|0x00000000c8b00000, 0x00000000c8c00000, 0x00000000c8c00000|100%| O|  |TAMS 0x00000000c8c00000, 0x00000000c8b00000| Untracked 
|   6|0x00000000c8c00000, 0x00000000c8d00000, 0x00000000c8d00000|100%|HS|  |TAMS 0x00000000c8d00000, 0x00000000c8c00000| Complete 
|   7|0x00000000c8d00000, 0x00000000c8e00000, 0x00000000c8e00000|100%|HC|  |TAMS 0x00000000c8e00000, 0x00000000c8d00000| Complete 
|   8|0x00000000c8e00000, 0x00000000c8f00000, 0x00000000c8f00000|100%|HC|  |TAMS 0x00000000c8f00000, 0x00000000c8e00000| Complete 
|   9|0x00000000c8f00000, 0x00000000c9000000, 0x00000000c9000000|100%| O|  |TAMS 0x00000000c9000000, 0x00000000c8f00000| Untracked 
|  10|0x00000000c9000000, 0x00000000c9100000, 0x00000000c9100000|100%| O|  |TAMS 0x00000000c9100000, 0x00000000c9000000| Untracked 
|  11|0x00000000c9100000, 0x00000000c9200000, 0x00000000c9200000|100%| O|  |TAMS 0x00000000c9200000, 0x00000000c9100000| Untracked 
|  12|0x00000000c9200000, 0x00000000c9300000, 0x00000000c9300000|100%| O|  |TAMS 0x00000000c9300000, 0x00000000c9200000| Untracked 
|  13|0x00000000c9300000, 0x00000000c9400000, 0x00000000c9400000|100%| O|  |TAMS 0x00000000c9300000, 0x00000000c9300000| Untracked 
|  14|0x00000000c9400000, 0x00000000c94e4a00, 0x00000000c9500000| 89%| O|  |TAMS 0x00000000c9400000, 0x00000000c9400000| Untracked 
|  15|0x00000000c9500000, 0x00000000c9600000, 0x00000000c9600000|100%| O|  |TAMS 0x00000000c9600000, 0x00000000c9500000| Untracked 
|  16|0x00000000c9600000, 0x00000000c9700000, 0x00000000c9700000|100%| O|  |TAMS 0x00000000c9700000, 0x00000000c9600000| Untracked 
|  17|0x00000000c9700000, 0x00000000c9800000, 0x00000000c9800000|100%| O|  |TAMS 0x00000000c9800000, 0x00000000c9700000| Untracked 
|  18|0x00000000c9800000, 0x00000000c9900000, 0x00000000c9900000|100%| O|  |TAMS 0x00000000c9834800, 0x00000000c9800000| Untracked 
|  19|0x00000000c9900000, 0x00000000c9a00000, 0x00000000c9a00000|100%| O|  |TAMS 0x00000000c9900000, 0x00000000c9900000| Untracked 
|  20|0x00000000c9a00000, 0x00000000c9b00000, 0x00000000c9b00000|100%| O|  |TAMS 0x00000000c9a00000, 0x00000000c9a00000| Untracked 
|  21|0x00000000c9b00000, 0x00000000c9c00000, 0x00000000c9c00000|100%| O|  |TAMS 0x00000000c9b00000, 0x00000000c9b00000| Untracked 
|  22|0x00000000c9c00000, 0x00000000c9c00000, 0x00000000c9d00000|  0%| F|  |TAMS 0x00000000c9c00000, 0x00000000c9c00000| Untracked 
|  23|0x00000000c9d00000, 0x00000000c9d00000, 0x00000000c9e00000|  0%| F|  |TAMS 0x00000000c9d00000, 0x00000000c9d00000| Untracked 
|  24|0x00000000c9e00000, 0x00000000c9e00000, 0x00000000c9f00000|  0%| F|  |TAMS 0x00000000c9e00000, 0x00000000c9e00000| Untracked 
|  25|0x00000000c9f00000, 0x00000000c9f00000, 0x00000000ca000000|  0%| F|  |TAMS 0x00000000c9f00000, 0x00000000c9f00000| Untracked 
|  26|0x00000000ca000000, 0x00000000ca000000, 0x00000000ca100000|  0%| F|  |TAMS 0x00000000ca000000, 0x00000000ca000000| Untracked 
|  27|0x00000000ca100000, 0x00000000ca100000, 0x00000000ca200000|  0%| F|  |TAMS 0x00000000ca100000, 0x00000000ca100000| Untracked 
|  28|0x00000000ca200000, 0x00000000ca200000, 0x00000000ca300000|  0%| F|  |TAMS 0x00000000ca200000, 0x00000000ca200000| Untracked 
|  29|0x00000000ca300000, 0x00000000ca355ee0, 0x00000000ca400000| 33%| S|CS|TAMS 0x00000000ca300000, 0x00000000ca300000| Complete 
|  30|0x00000000ca400000, 0x00000000ca400000, 0x00000000ca500000|  0%| F|  |TAMS 0x00000000ca400000, 0x00000000ca400000| Untracked 
|  31|0x00000000ca500000, 0x00000000ca500000, 0x00000000ca600000|  0%| F|  |TAMS 0x00000000ca500000, 0x00000000ca500000| Untracked 
|  32|0x00000000ca600000, 0x00000000ca700000, 0x00000000ca700000|100%| S|CS|TAMS 0x00000000ca600000, 0x00000000ca600000| Complete 
|  33|0x00000000ca700000, 0x00000000ca700000, 0x00000000ca800000|  0%| F|  |TAMS 0x00000000ca700000, 0x00000000ca700000| Untracked 
|  34|0x00000000ca800000, 0x00000000ca800000, 0x00000000ca900000|  0%| F|  |TAMS 0x00000000ca800000, 0x00000000ca800000| Untracked 
|  35|0x00000000ca900000, 0x00000000ca900000, 0x00000000caa00000|  0%| F|  |TAMS 0x00000000ca900000, 0x00000000ca900000| Untracked 
|  36|0x00000000caa00000, 0x00000000caa00000, 0x00000000cab00000|  0%| F|  |TAMS 0x00000000caa00000, 0x00000000caa00000| Untracked 
|  37|0x00000000cab00000, 0x00000000cab00000, 0x00000000cac00000|  0%| F|  |TAMS 0x00000000cab00000, 0x00000000cab00000| Untracked 
|  38|0x00000000cac00000, 0x00000000cac00000, 0x00000000cad00000|  0%| F|  |TAMS 0x00000000cac00000, 0x00000000cac00000| Untracked 
|  39|0x00000000cad00000, 0x00000000cad00000, 0x00000000cae00000|  0%| F|  |TAMS 0x00000000cad00000, 0x00000000cad00000| Untracked 
|  40|0x00000000cae00000, 0x00000000cae00000, 0x00000000caf00000|  0%| F|  |TAMS 0x00000000cae00000, 0x00000000cae00000| Untracked 
|  41|0x00000000caf00000, 0x00000000caf00000, 0x00000000cb000000|  0%| F|  |TAMS 0x00000000caf00000, 0x00000000caf00000| Untracked 
|  42|0x00000000cb000000, 0x00000000cb000000, 0x00000000cb100000|  0%| F|  |TAMS 0x00000000cb000000, 0x00000000cb000000| Untracked 
|  43|0x00000000cb100000, 0x00000000cb100000, 0x00000000cb200000|  0%| F|  |TAMS 0x00000000cb100000, 0x00000000cb100000| Untracked 
|  44|0x00000000cb200000, 0x00000000cb200000, 0x00000000cb300000|  0%| F|  |TAMS 0x00000000cb200000, 0x00000000cb200000| Untracked 
|  45|0x00000000cb300000, 0x00000000cb300000, 0x00000000cb400000|  0%| F|  |TAMS 0x00000000cb300000, 0x00000000cb300000| Untracked 
|  46|0x00000000cb400000, 0x00000000cb400000, 0x00000000cb500000|  0%| F|  |TAMS 0x00000000cb400000, 0x00000000cb400000| Untracked 
|  47|0x00000000cb500000, 0x00000000cb500000, 0x00000000cb600000|  0%| F|  |TAMS 0x00000000cb500000, 0x00000000cb500000| Untracked 
|  48|0x00000000cb600000, 0x00000000cb600000, 0x00000000cb700000|  0%| F|  |TAMS 0x00000000cb600000, 0x00000000cb600000| Untracked 
|  49|0x00000000cb700000, 0x00000000cb700000, 0x00000000cb800000|  0%| F|  |TAMS 0x00000000cb700000, 0x00000000cb700000| Untracked 
|  50|0x00000000cb800000, 0x00000000cb800000, 0x00000000cb900000|  0%| F|  |TAMS 0x00000000cb800000, 0x00000000cb800000| Untracked 
|  51|0x00000000cb900000, 0x00000000cb900000, 0x00000000cba00000|  0%| F|  |TAMS 0x00000000cb900000, 0x00000000cb900000| Untracked 
|  52|0x00000000cba00000, 0x00000000cba00000, 0x00000000cbb00000|  0%| F|  |TAMS 0x00000000cba00000, 0x00000000cba00000| Untracked 
|  53|0x00000000cbb00000, 0x00000000cbb00000, 0x00000000cbc00000|  0%| F|  |TAMS 0x00000000cbb00000, 0x00000000cbb00000| Untracked 
|  54|0x00000000cbc00000, 0x00000000cbc00000, 0x00000000cbd00000|  0%| F|  |TAMS 0x00000000cbc00000, 0x00000000cbc00000| Untracked 
|  55|0x00000000cbd00000, 0x00000000cbd00000, 0x00000000cbe00000|  0%| F|  |TAMS 0x00000000cbd00000, 0x00000000cbd00000| Untracked 
|  56|0x00000000cbe00000, 0x00000000cbe00000, 0x00000000cbf00000|  0%| F|  |TAMS 0x00000000cbe00000, 0x00000000cbe00000| Untracked 
|  57|0x00000000cbf00000, 0x00000000cbf00000, 0x00000000cc000000|  0%| F|  |TAMS 0x00000000cbf00000, 0x00000000cbf00000| Untracked 
|  58|0x00000000cc000000, 0x00000000cc000000, 0x00000000cc100000|  0%| F|  |TAMS 0x00000000cc000000, 0x00000000cc000000| Untracked 
|  59|0x00000000cc100000, 0x00000000cc100000, 0x00000000cc200000|  0%| F|  |TAMS 0x00000000cc100000, 0x00000000cc100000| Untracked 
|  60|0x00000000cc200000, 0x00000000cc200000, 0x00000000cc300000|  0%| F|  |TAMS 0x00000000cc200000, 0x00000000cc200000| Untracked 
|  61|0x00000000cc300000, 0x00000000cc400000, 0x00000000cc400000|100%| E|  |TAMS 0x00000000cc300000, 0x00000000cc300000| Complete 

Card table byte_map: [0x000002bd76bb0000,0x000002bd76d70000] _byte_map_base: 0x000002bd7656d000

Marking Bits (Prev, Next): (CMBitMap*) 0x000002bd76e543b0, (CMBitMap*) 0x000002bd76e543f0
 Prev Bits: [0x000002bd7a4b0000, 0x000002bd7b298000)
 Next Bits: [0x000002bd7b2a0000, 0x000002bd7c088000)

Polling page: 0x000002bd74e00000

Metaspace:

Usage:
  Non-class:     34.90 MB used.
      Class:      4.89 MB used.
       Both:     39.79 MB used.

Virtual space:
  Non-class space:       40.00 MB reserved,      35.06 MB ( 88%) committed,  5 nodes.
      Class space:        1.00 GB reserved,       4.94 MB ( <1%) committed,  1 nodes.
             Both:        1.04 GB reserved,      40.00 MB (  4%) committed. 

Chunk freelists:
   Non-Class:  352.00 KB
       Class:  2.94 MB
        Both:  3.28 MB

MaxMetaspaceSize: unlimited
CompressedClassSpaceSize: 1.00 GB
Initial GC threshold: 21.00 MB
Current GC threshold: 58.88 MB
CDS: off
MetaspaceReclaimPolicy: balanced
 - commit_granule_bytes: 65536.
 - commit_granule_words: 8192.
 - virtual_space_node_default_size: 1048576.
 - enlarge_chunks_in_place: 1.
 - new_chunks_are_fully_committed: 0.
 - uncommit_free_chunks: 1.
 - use_allocation_guard: 0.
 - handle_deallocations: 1.


Internal statistics:

num_allocs_failed_limit: 6.
num_arena_births: 182.
num_arena_deaths: 0.
num_vsnodes_births: 6.
num_vsnodes_deaths: 0.
num_space_committed: 640.
num_space_uncommitted: 0.
num_chunks_returned_to_freelist: 6.
num_chunks_taken_from_freelist: 1262.
num_chunk_merges: 6.
num_chunk_splits: 1021.
num_chunks_enlarged: 909.
num_purges: 0.
num_inconsistent_stats: 0.

CodeHeap 'non-profiled nmethods': size=120064Kb used=1051Kb max_used=1051Kb free=119012Kb
 bounds [0x000002bd07ac0000, 0x000002bd07d30000, 0x000002bd0f000000]
CodeHeap 'profiled nmethods': size=120000Kb used=5697Kb max_used=5697Kb free=114302Kb
 bounds [0x000002bd00000000, 0x000002bd005a0000, 0x000002bd07530000]
CodeHeap 'non-nmethods': size=5696Kb used=1259Kb max_used=1298Kb free=4436Kb
 bounds [0x000002bd07530000, 0x000002bd077a0000, 0x000002bd07ac0000]
 total_blobs=3392 nmethods=2822 adapters=483
 compilation: enabled
              stopped_count=0, restarted_count=0
 full_count=0

Compilation events (20 events):
Event: 10.558 Thread 0x000002bd7e465780 2824       3       java.util.ArrayList::fastRemove (44 bytes)
Event: 10.559 Thread 0x000002bd7e465780 nmethod 2824 0x000002bd0058e690 code [0x000002bd0058e840, 0x000002bd0058ec28]
Event: 10.573 Thread 0x000002bd7e465780 2825       3       java.lang.Class::getMethods (26 bytes)
Event: 10.574 Thread 0x000002bd7e465780 nmethod 2825 0x000002bd0058ed90 code [0x000002bd0058ef80, 0x000002bd0058f298]
Event: 10.766 Thread 0x000002bd7e44cf30 nmethod 2821 0x000002bd07bbf010 code [0x000002bd07bbf380, 0x000002bd07bc2b38]
Event: 10.766 Thread 0x000002bd7e44cf30 2826       4       java.util.LinkedHashMap::valuesToArray (38 bytes)
Event: 10.771 Thread 0x000002bd7e44cf30 nmethod 2826 0x000002bd07bc4690 code [0x000002bd07bc4820, 0x000002bd07bc49f8]
Event: 10.771 Thread 0x000002bd7e44cf30 2823       4       java.util.LinkedHashMap$LinkedHashIterator::nextNode (54 bytes)
Event: 10.775 Thread 0x000002bd7e44cf30 nmethod 2823 0x000002bd07bc4b10 code [0x000002bd07bc4c80, 0x000002bd07bc4ef8]
Event: 10.775 Thread 0x000002bd7e44cf30 2822       4       jdk.internal.loader.BuiltinClassLoader::loadClassOrNull (7 bytes)
Event: 10.791 Thread 0x000002bd7e44cf30 nmethod 2822 0x000002bd07bc5010 code [0x000002bd07bc51c0, 0x000002bd07bc5438]
Event: 10.807 Thread 0x000002bd7e44cf30 2827       4       java.lang.Object::equals (11 bytes)
Event: 10.807 Thread 0x000002bd7e44cf30 nmethod 2827 0x000002bd07bc5710 code [0x000002bd07bc5880, 0x000002bd07bc5918]
Event: 10.867 Thread 0x000002bd7e465780 2828   !   3       jdk.internal.reflect.NativeConstructorAccessorImpl::newInstance (122 bytes)
Event: 10.869 Thread 0x000002bd7e465780 nmethod 2828 0x000002bd0058f410 code [0x000002bd0058f660, 0x000002bd005901e8]
Event: 10.901 Thread 0x000002bd7e44cf30 2830       4       java.util.HashMap$HashIterator::nextNode (100 bytes)
Event: 10.911 Thread 0x000002bd7e44cf30 nmethod 2830 0x000002bd07bc5e90 code [0x000002bd07bc6020, 0x000002bd07bc6418]
Event: 10.985 Thread 0x000002bd7e44cf30 2831       4       java.lang.PublicMethods$MethodList::merge (192 bytes)
Event: 10.995 Thread 0x000002bd7e44cf30 nmethod 2831 0x000002bd07bc6590 code [0x000002bd07bc6720, 0x000002bd07bc6ad8]
Event: 10.996 Thread 0x000002bd7e44cf30 2832       4       java.lang.PublicMethods::merge (81 bytes)

GC Heap History (20 events):
Event: 0.972 GC heap before
{Heap before GC invocations=1 (full 0):
 garbage-first heap   total 57344K, used 10005K [0x00000000c8600000, 0x0000000100000000)
  region size 1024K, 6 young (6144K), 1 survivors (1024K)
 Metaspace       used 9700K, committed 9856K, reserved 1064960K
  class space    used 805K, committed 896K, reserved 1048576K
}
Event: 0.977 GC heap after
{Heap after GC invocations=2 (full 0):
 garbage-first heap   total 57344K, used 5273K [0x00000000c8600000, 0x0000000100000000)
  region size 1024K, 1 young (1024K), 1 survivors (1024K)
 Metaspace       used 9700K, committed 9856K, reserved 1064960K
  class space    used 805K, committed 896K, reserved 1048576K
}
Event: 1.571 GC heap before
{Heap before GC invocations=2 (full 0):
 garbage-first heap   total 57344K, used 16537K [0x00000000c8600000, 0x0000000100000000)
  region size 1024K, 13 young (13312K), 1 survivors (1024K)
 Metaspace       used 13080K, committed 13248K, reserved 1064960K
  class space    used 1233K, committed 1280K, reserved 1048576K
}
Event: 1.578 GC heap after
{Heap after GC invocations=3 (full 0):
 garbage-first heap   total 57344K, used 6345K [0x00000000c8600000, 0x0000000100000000)
  region size 1024K, 2 young (2048K), 2 survivors (2048K)
 Metaspace       used 13080K, committed 13248K, reserved 1064960K
  class space    used 1233K, committed 1280K, reserved 1048576K
}
Event: 3.284 GC heap before
{Heap before GC invocations=3 (full 0):
 garbage-first heap   total 57344K, used 37065K [0x00000000c8600000, 0x0000000100000000)
  region size 1024K, 33 young (33792K), 2 survivors (2048K)
 Metaspace       used 21329K, committed 21504K, reserved 1073152K
  class space    used 2295K, committed 2368K, reserved 1048576K
}
Event: 3.304 GC heap after
{Heap after GC invocations=4 (full 0):
 garbage-first heap   total 57344K, used 9703K [0x00000000c8600000, 0x0000000100000000)
  region size 1024K, 5 young (5120K), 5 survivors (5120K)
 Metaspace       used 21329K, committed 21504K, reserved 1073152K
  class space    used 2295K, committed 2368K, reserved 1048576K
}
Event: 4.618 GC heap before
{Heap before GC invocations=5 (full 0):
 garbage-first heap   total 37888K, used 30183K [0x00000000c8600000, 0x0000000100000000)
  region size 1024K, 22 young (22528K), 5 survivors (5120K)
 Metaspace       used 26705K, committed 26944K, reserved 1073152K
  class space    used 2912K, committed 3008K, reserved 1048576K
}
Event: 4.642 GC heap after
{Heap after GC invocations=6 (full 0):
 garbage-first heap   total 46080K, used 14774K [0x00000000c8600000, 0x0000000100000000)
  region size 1024K, 2 young (2048K), 2 survivors (2048K)
 Metaspace       used 26705K, committed 26944K, reserved 1073152K
  class space    used 2912K, committed 3008K, reserved 1048576K
}
Event: 4.693 GC heap before
{Heap before GC invocations=6 (full 0):
 garbage-first heap   total 46080K, used 14774K [0x00000000c8600000, 0x0000000100000000)
  region size 1024K, 3 young (3072K), 2 survivors (2048K)
 Metaspace       used 26962K, committed 27264K, reserved 1073152K
  class space    used 2945K, committed 3072K, reserved 1048576K
}
Event: 4.699 GC heap after
{Heap after GC invocations=7 (full 0):
 garbage-first heap   total 46080K, used 15113K [0x00000000c8600000, 0x0000000100000000)
  region size 1024K, 1 young (1024K), 1 survivors (1024K)
 Metaspace       used 26962K, committed 27264K, reserved 1073152K
  class space    used 2945K, committed 3072K, reserved 1048576K
}
Event: 7.599 GC heap before
{Heap before GC invocations=7 (full 0):
 garbage-first heap   total 46080K, used 34569K [0x00000000c8600000, 0x0000000100000000)
  region size 1024K, 18 young (18432K), 1 survivors (1024K)
 Metaspace       used 31559K, committed 31808K, reserved 1081344K
  class space    used 3808K, committed 3904K, reserved 1048576K
}
Event: 7.607 GC heap after
{Heap after GC invocations=8 (full 0):
 garbage-first heap   total 46080K, used 18554K [0x00000000c8600000, 0x0000000100000000)
  region size 1024K, 2 young (2048K), 2 survivors (2048K)
 Metaspace       used 31559K, committed 31808K, reserved 1081344K
  class space    used 3808K, committed 3904K, reserved 1048576K
}
Event: 8.559 GC heap before
{Heap before GC invocations=8 (full 0):
 garbage-first heap   total 46080K, used 32890K [0x00000000c8600000, 0x0000000100000000)
  region size 1024K, 17 young (17408K), 2 survivors (2048K)
 Metaspace       used 34040K, committed 34240K, reserved 1081344K
  class space    used 4320K, committed 4416K, reserved 1048576K
}
Event: 8.576 GC heap after
{Heap after GC invocations=9 (full 0):
 garbage-first heap   total 46080K, used 21714K [0x00000000c8600000, 0x0000000100000000)
  region size 1024K, 3 young (3072K), 3 survivors (3072K)
 Metaspace       used 34040K, committed 34240K, reserved 1081344K
  class space    used 4320K, committed 4416K, reserved 1048576K
}
Event: 9.265 GC heap before
{Heap before GC invocations=9 (full 0):
 garbage-first heap   total 46080K, used 28882K [0x00000000c8600000, 0x0000000100000000)
  region size 1024K, 11 young (11264K), 3 survivors (3072K)
 Metaspace       used 35945K, committed 36096K, reserved 1081344K
  class space    used 4533K, committed 4608K, reserved 1048576K
}
Event: 9.278 GC heap after
{Heap after GC invocations=10 (full 0):
 garbage-first heap   total 46080K, used 22674K [0x00000000c8600000, 0x0000000100000000)
  region size 1024K, 1 young (1024K), 1 survivors (1024K)
 Metaspace       used 35945K, committed 36096K, reserved 1081344K
  class space    used 4533K, committed 4608K, reserved 1048576K
}
Event: 10.149 GC heap before
{Heap before GC invocations=11 (full 0):
 garbage-first heap   total 46080K, used 33938K [0x00000000c8600000, 0x0000000100000000)
  region size 1024K, 13 young (13312K), 1 survivors (1024K)
 Metaspace       used 38074K, committed 38272K, reserved 1089536K
  class space    used 4795K, committed 4864K, reserved 1048576K
}
Event: 10.159 GC heap after
{Heap after GC invocations=12 (full 0):
 garbage-first heap   total 46080K, used 22342K [0x00000000c8600000, 0x0000000100000000)
  region size 1024K, 2 young (2048K), 2 survivors (2048K)
 Metaspace       used 38074K, committed 38272K, reserved 1089536K
  class space    used 4795K, committed 4864K, reserved 1048576K
}
Event: 10.833 GC heap before
{Heap before GC invocations=12 (full 0):
 garbage-first heap   total 46080K, used 33606K [0x00000000c8600000, 0x0000000100000000)
  region size 1024K, 14 young (14336K), 2 survivors (2048K)
 Metaspace       used 40472K, committed 40704K, reserved 1089536K
  class space    used 4988K, committed 5056K, reserved 1048576K
}
Event: 10.845 GC heap after
{Heap after GC invocations=13 (full 0):
 garbage-first heap   total 63488K, used 23786K [0x00000000c8600000, 0x0000000100000000)
  region size 1024K, 2 young (2048K), 2 survivors (2048K)
 Metaspace       used 40472K, committed 40704K, reserved 1089536K
  class space    used 4988K, committed 5056K, reserved 1048576K
}

Dll operation events (2 events):
Event: 0.016 Loaded shared library C:\Program Files\Android\Android Studio1\jbr\bin\java.dll
Event: 2.956 Loaded shared library C:\Program Files\Android\Android Studio1\jbr\bin\verify.dll

Deoptimization events (20 events):
Event: 10.476 Thread 0x000002bd76e1a840 Uncommon trap: trap_request=0xffffff76 fr.pc=0x000002bd07bbcfb8 relative=0x0000000000000198
Event: 10.476 Thread 0x000002bd76e1a840 Uncommon trap: reason=predicate action=maybe_recompile pc=0x000002bd07bbcfb8 method=java.util.LinkedHashMap.valuesToArray([Ljava/lang/Object;)[Ljava/lang/Object; @ 12 c2
Event: 10.476 Thread 0x000002bd76e1a840 DEOPT PACKING pc=0x000002bd07bbcfb8 sp=0x000000cbb3cfd3b0
Event: 10.476 Thread 0x000002bd76e1a840 DEOPT UNPACKING pc=0x000002bd0758699d sp=0x000000cbb3cfd368 mode 2
Event: 10.806 Thread 0x000002bd76e1a840 Uncommon trap: trap_request=0xffffffbe fr.pc=0x000002bd07bc49b8 relative=0x0000000000000198
Event: 10.806 Thread 0x000002bd76e1a840 Uncommon trap: reason=profile_predicate action=maybe_recompile pc=0x000002bd07bc49b8 method=java.util.LinkedHashMap.valuesToArray([Ljava/lang/Object;)[Ljava/lang/Object; @ 12 c2
Event: 10.806 Thread 0x000002bd76e1a840 DEOPT PACKING pc=0x000002bd07bc49b8 sp=0x000000cbb3cfd230
Event: 10.806 Thread 0x000002bd76e1a840 DEOPT UNPACKING pc=0x000002bd0758699d sp=0x000000cbb3cfd1e8 mode 2
Event: 10.806 Thread 0x000002bd76e1a840 Uncommon trap: trap_request=0xffffffbe fr.pc=0x000002bd07bc49b8 relative=0x0000000000000198
Event: 10.806 Thread 0x000002bd76e1a840 Uncommon trap: reason=profile_predicate action=maybe_recompile pc=0x000002bd07bc49b8 method=java.util.LinkedHashMap.valuesToArray([Ljava/lang/Object;)[Ljava/lang/Object; @ 12 c2
Event: 10.806 Thread 0x000002bd76e1a840 DEOPT PACKING pc=0x000002bd07bc49b8 sp=0x000000cbb3cfd230
Event: 10.806 Thread 0x000002bd76e1a840 DEOPT UNPACKING pc=0x000002bd0758699d sp=0x000000cbb3cfd1e8 mode 2
Event: 10.806 Thread 0x000002bd76e1a840 Uncommon trap: trap_request=0xffffffbe fr.pc=0x000002bd07bc49b8 relative=0x0000000000000198
Event: 10.806 Thread 0x000002bd76e1a840 Uncommon trap: reason=profile_predicate action=maybe_recompile pc=0x000002bd07bc49b8 method=java.util.LinkedHashMap.valuesToArray([Ljava/lang/Object;)[Ljava/lang/Object; @ 12 c2
Event: 10.806 Thread 0x000002bd76e1a840 DEOPT PACKING pc=0x000002bd07bc49b8 sp=0x000000cbb3cfd230
Event: 10.807 Thread 0x000002bd76e1a840 DEOPT UNPACKING pc=0x000002bd0758699d sp=0x000000cbb3cfd1e8 mode 2
Event: 10.816 Thread 0x000002bd76e1a840 Uncommon trap: trap_request=0xffffffbe fr.pc=0x000002bd07bc49b8 relative=0x0000000000000198
Event: 10.816 Thread 0x000002bd76e1a840 Uncommon trap: reason=profile_predicate action=maybe_recompile pc=0x000002bd07bc49b8 method=java.util.LinkedHashMap.valuesToArray([Ljava/lang/Object;)[Ljava/lang/Object; @ 12 c2
Event: 10.816 Thread 0x000002bd76e1a840 DEOPT PACKING pc=0x000002bd07bc49b8 sp=0x000000cbb3cfd170
Event: 10.816 Thread 0x000002bd76e1a840 DEOPT UNPACKING pc=0x000002bd0758699d sp=0x000000cbb3cfd128 mode 2

Classes unloaded (0 events):
No events

Classes redefined (0 events):
No events

Internal exceptions (20 events):
Event: 2.707 Thread 0x000002bd76e1a840 Exception <a 'java/lang/NoSuchMethodError'{0x00000000ca9c7ca0}: 'java.lang.Object java.lang.invoke.DirectMethodHandle$Holder.invokeSpecial(java.lang.Object, java.lang.Object, java.lang.Object, java.lang.Object, long)'> (0x00000000ca9c7ca0) 
thrown [s\src\hotspot\share\interpreter\linkResolver.cpp, line 771]
Event: 2.712 Thread 0x000002bd76e1a840 Exception <a 'java/lang/NoSuchMethodError'{0x00000000ca9e0420}: 'long java.lang.invoke.Invokers$Holder.invoke_MT(java.lang.Object, java.lang.Object, java.lang.Object, java.lang.Object)'> (0x00000000ca9e0420) 
thrown [s\src\hotspot\share\interpreter\linkResolver.cpp, line 771]
Event: 2.715 Thread 0x000002bd76e1a840 Exception <a 'java/lang/NoSuchMethodError'{0x00000000ca9ebc40}: 'int java.lang.invoke.DirectMethodHandle$Holder.invokeSpecial(java.lang.Object, java.lang.Object, java.lang.Object)'> (0x00000000ca9ebc40) 
thrown [s\src\hotspot\share\interpreter\linkResolver.cpp, line 771]
Event: 2.716 Thread 0x000002bd76e1a840 Exception <a 'java/lang/NoSuchMethodError'{0x00000000ca9efc70}: 'int java.lang.invoke.DirectMethodHandle$Holder.invokeSpecial(java.lang.Object, java.lang.Object, java.lang.Object, java.lang.Object)'> (0x00000000ca9efc70) 
thrown [s\src\hotspot\share\interpreter\linkResolver.cpp, line 771]
Event: 2.717 Thread 0x000002bd76e1a840 Exception <a 'java/lang/NoSuchMethodError'{0x00000000ca9f32d8}: 'int java.lang.invoke.Invokers$Holder.invoke_MT(java.lang.Object, java.lang.Object, java.lang.Object, java.lang.Object)'> (0x00000000ca9f32d8) 
thrown [s\src\hotspot\share\interpreter\linkResolver.cpp, line 771]
Event: 2.721 Thread 0x000002bd76e1a840 Exception <a 'java/lang/NoSuchMethodError'{0x00000000ca803688}: 'int java.lang.invoke.DelegatingMethodHandle$Holder.reinvoke_L(java.lang.Object, java.lang.Object, java.lang.Object, long, int)'> (0x00000000ca803688) 
thrown [s\src\hotspot\share\interpreter\linkResolver.cpp, line 771]
Event: 2.966 Thread 0x000002bd76e1a840 Exception <a 'java/lang/NoSuchMethodError'{0x00000000ca56d2d8}: 'java.lang.Object java.lang.invoke.DirectMethodHandle$Holder.invokeStaticInit(java.lang.Object)'> (0x00000000ca56d2d8) 
thrown [s\src\hotspot\share\interpreter\linkResolver.cpp, line 771]
Event: 3.248 Thread 0x000002bd76e1a840 Exception <a 'java/lang/NoSuchMethodError'{0x00000000c9e82bf8}: 'java.lang.Object java.lang.invoke.DirectMethodHandle$Holder.invokeStaticInit(java.lang.Object, int)'> (0x00000000c9e82bf8) 
thrown [s\src\hotspot\share\interpreter\linkResolver.cpp, line 771]
Event: 3.269 Thread 0x000002bd76e1a840 Exception <a 'java/lang/NoSuchMethodError'{0x00000000c9d0d8b8}: 'void java.lang.invoke.DirectMethodHandle$Holder.invokeStatic(java.lang.Object, java.lang.Object)'> (0x00000000c9d0d8b8) 
thrown [s\src\hotspot\share\interpreter\linkResolver.cpp, line 771]
Event: 3.342 Thread 0x000002bd76e1a840 Exception <a 'java/lang/NoSuchMethodError'{0x00000000cbdbef10}: 'long java.lang.invoke.DirectMethodHandle$Holder.invokeStatic(java.lang.Object)'> (0x00000000cbdbef10) 
thrown [s\src\hotspot\share\interpreter\linkResolver.cpp, line 771]
Event: 3.343 Thread 0x000002bd76e1a840 Exception <a 'java/lang/NoSuchMethodError'{0x00000000cbdc2668}: 'long java.lang.invoke.DirectMethodHandle$Holder.invokeStaticInit(java.lang.Object)'> (0x00000000cbdc2668) 
thrown [s\src\hotspot\share\interpreter\linkResolver.cpp, line 771]
Event: 3.544 Thread 0x000002bd76e1a840 Exception <a 'java/lang/NoSuchMethodError'{0x00000000ca6394f8}: 'int java.lang.invoke.DirectMethodHandle$Holder.invokeStaticInit(java.lang.Object, java.lang.Object, java.lang.Object)'> (0x00000000ca6394f8) 
thrown [s\src\hotspot\share\interpreter\linkResolver.cpp, line 771]
Event: 3.552 Thread 0x000002bd76e1a840 Exception <a 'java/lang/NoSuchMethodError'{0x00000000ca660c00}: 'int java.lang.invoke.DirectMethodHandle$Holder.invokeStaticInit(java.lang.Object, java.lang.Object)'> (0x00000000ca660c00) 
thrown [s\src\hotspot\share\interpreter\linkResolver.cpp, line 771]
Event: 3.612 Thread 0x000002bd76e1a840 Exception <a 'java/lang/NoSuchMethodError'{0x00000000ca53a808}: 'void java.lang.invoke.DirectMethodHandle$Holder.invokeSpecial(java.lang.Object, java.lang.Object, java.lang.Object)'> (0x00000000ca53a808) 
thrown [s\src\hotspot\share\interpreter\linkResolver.cpp, line 771]
Event: 4.613 Thread 0x000002bd76e1a840 Exception <a 'java/lang/NoSuchMethodError'{0x00000000c95e4cb8}: 'void java.lang.invoke.DirectMethodHandle$Holder.invokeStatic(java.lang.Object, java.lang.Object, java.lang.Object, java.lang.Object)'> (0x00000000c95e4cb8) 
thrown [s\src\hotspot\share\interpreter\linkResolver.cpp, line 771]
Event: 4.809 Thread 0x000002bd76e1a840 Exception <a 'java/lang/NoSuchMethodError'{0x00000000caf95290}: 'void java.lang.invoke.DirectMethodHandle$Holder.invokeStaticInit(java.lang.Object, java.lang.Object)'> (0x00000000caf95290) 
thrown [s\src\hotspot\share\interpreter\linkResolver.cpp, line 771]
Event: 5.044 Thread 0x000002bd76e1a840 Exception <a 'java/lang/NoSuchMethodError'{0x00000000cab90c78}: 'void java.lang.invoke.DirectMethodHandle$Holder.invokeVirtual(java.lang.Object, java.lang.Object)'> (0x00000000cab90c78) 
thrown [s\src\hotspot\share\interpreter\linkResolver.cpp, line 771]
Event: 5.077 Thread 0x000002bd76e1a840 Exception <a 'java/lang/NoSuchMethodError'{0x00000000caa11828}: 'int java.lang.invoke.DirectMethodHandle$Holder.invokeVirtual(java.lang.Object, java.lang.Object)'> (0x00000000caa11828) 
thrown [s\src\hotspot\share\interpreter\linkResolver.cpp, line 771]
Event: 5.139 Thread 0x000002bd76e1a840 Exception <a 'java/lang/NoSuchMethodError'{0x00000000caadb480}: 'java.lang.Object java.lang.invoke.Invokers$Holder.invokeExact_MT(java.lang.Object, java.lang.Object, java.lang.Object, java.lang.Object, java.lang.Object, java.lang.Object)'> (0x00000000caadb480) 
thrown [s\src\hotspot\share\interpreter\linkResolver.cpp, line 771]
Event: 9.406 Thread 0x000002bd76e1a840 Exception <a 'java/lang/NoSuchMethodError'{0x00000000cb1632b8}: 'java.lang.Object java.lang.invoke.DirectMethodHandle$Holder.invokeVirtual(java.lang.Object, java.lang.Object, java.lang.Object)'> (0x00000000cb1632b8) 
thrown [s\src\hotspot\share\interpreter\linkResolver.cpp, line 771]

VM Operations (20 events):
Event: 4.693 Executing VM operation: G1CollectForAllocation
Event: 4.699 Executing VM operation: G1CollectForAllocation done
Event: 4.737 Executing VM operation: HandshakeAllThreads
Event: 4.737 Executing VM operation: HandshakeAllThreads done
Event: 5.743 Executing VM operation: Cleanup
Event: 5.743 Executing VM operation: Cleanup done
Event: 7.598 Executing VM operation: G1CollectForAllocation
Event: 7.607 Executing VM operation: G1CollectForAllocation done
Event: 8.559 Executing VM operation: G1CollectForAllocation
Event: 8.576 Executing VM operation: G1CollectForAllocation done
Event: 9.265 Executing VM operation: CollectForMetadataAllocation
Event: 9.278 Executing VM operation: CollectForMetadataAllocation done
Event: 9.321 Executing VM operation: G1Concurrent
Event: 9.326 Executing VM operation: G1Concurrent done
Event: 9.356 Executing VM operation: G1Concurrent
Event: 9.357 Executing VM operation: G1Concurrent done
Event: 10.149 Executing VM operation: G1CollectForAllocation
Event: 10.161 Executing VM operation: G1CollectForAllocation done
Event: 10.833 Executing VM operation: G1CollectForAllocation
Event: 10.845 Executing VM operation: G1CollectForAllocation done

Events (20 events):
Event: 10.108 loading class sun/reflect/generics/tree/BottomSignature
Event: 10.108 loading class sun/reflect/generics/tree/BottomSignature done
Event: 10.108 loading class sun/reflect/generics/tree/Wildcard
Event: 10.108 loading class sun/reflect/generics/tree/Wildcard done
Event: 10.108 loading class sun/reflect/generics/tree/VoidDescriptor
Event: 10.109 loading class sun/reflect/generics/tree/VoidDescriptor done
Event: 10.109 loading class sun/reflect/generics/tree/MethodTypeSignature
Event: 10.109 loading class sun/reflect/generics/tree/MethodTypeSignature done
Event: 10.109 loading class sun/reflect/generics/reflectiveObjects/WildcardTypeImpl
Event: 10.109 loading class java/lang/reflect/WildcardType
Event: 10.109 loading class java/lang/reflect/WildcardType done
Event: 10.109 loading class sun/reflect/generics/reflectiveObjects/WildcardTypeImpl done
Event: 10.110 loading class java/util/function/IntFunction
Event: 10.111 loading class java/util/function/IntFunction done
Event: 10.305 loading class java/lang/TypeNotPresentException
Event: 10.305 loading class java/lang/TypeNotPresentException done
Event: 10.430 loading class sun/reflect/generics/scope/MethodScope
Event: 10.430 loading class sun/reflect/generics/scope/MethodScope done
Event: 10.430 loading class sun/reflect/generics/repository/MethodRepository
Event: 10.430 loading class sun/reflect/generics/repository/MethodRepository done


Dynamic libraries:
0x00007ff6c24f0000 - 0x00007ff6c24fa000 	C:\Program Files\Android\Android Studio1\jbr\bin\java.exe
0x00007ffe500f0000 - 0x00007ffe502e8000 	C:\Windows\SYSTEM32\ntdll.dll
0x00007ffe4fff0000 - 0x00007ffe500ad000 	C:\Windows\System32\KERNEL32.DLL
0x00007ffe4de50000 - 0x00007ffe4e146000 	C:\Windows\System32\KERNELBASE.dll
0x00007ffe4d950000 - 0x00007ffe4da50000 	C:\Windows\System32\ucrtbase.dll
0x00007ffe461a0000 - 0x00007ffe461b7000 	C:\Program Files\Android\Android Studio1\jbr\bin\jli.dll
0x00007ffe3f310000 - 0x00007ffe3f32b000 	C:\Program Files\Android\Android Studio1\jbr\bin\VCRUNTIME140.dll
0x00007ffe4eba0000 - 0x00007ffe4ed3e000 	C:\Windows\System32\USER32.dll
0x00007ffe3eb30000 - 0x00007ffe3edca000 	C:\Windows\WinSxS\amd64_microsoft.windows.common-controls_6595b64144ccf1df_6.0.19041.1110_none_60b5254171f9507e\COMCTL32.dll
0x00007ffe4f150000 - 0x00007ffe4f1ee000 	C:\Windows\System32\msvcrt.dll
0x00007ffe4d880000 - 0x00007ffe4d8a2000 	C:\Windows\System32\win32u.dll
0x00007ffe4e3c0000 - 0x00007ffe4e3ec000 	C:\Windows\System32\GDI32.dll
0x00007ffe4dce0000 - 0x00007ffe4ddfa000 	C:\Windows\System32\gdi32full.dll
0x00007ffe4d8b0000 - 0x00007ffe4d94d000 	C:\Windows\System32\msvcp_win.dll
0x00007ffe4ed40000 - 0x00007ffe4ed70000 	C:\Windows\System32\IMM32.DLL
0x00007ffe49510000 - 0x00007ffe4951c000 	C:\Program Files\Android\Android Studio1\jbr\bin\vcruntime140_1.dll
0x00007ffe36000000 - 0x00007ffe3608d000 	C:\Program Files\Android\Android Studio1\jbr\bin\msvcp140.dll
0x00007ffdf1350000 - 0x00007ffdf1fbe000 	C:\Program Files\Android\Android Studio1\jbr\bin\server\jvm.dll
0x00007ffe4e4a0000 - 0x00007ffe4e54e000 	C:\Windows\System32\ADVAPI32.dll
0x00007ffe4ff50000 - 0x00007ffe4ffec000 	C:\Windows\System32\sechost.dll
0x00007ffe4fd50000 - 0x00007ffe4fe76000 	C:\Windows\System32\RPCRT4.dll
0x00007ffe3b960000 - 0x00007ffe3b969000 	C:\Windows\SYSTEM32\WSOCK32.dll
0x00007ffe4fe80000 - 0x00007ffe4feeb000 	C:\Windows\System32\WS2_32.dll
0x00007ffe44d00000 - 0x00007ffe44d27000 	C:\Windows\SYSTEM32\WINMM.dll
0x00007ffe44d30000 - 0x00007ffe44d3a000 	C:\Windows\SYSTEM32\VERSION.dll
0x00007ffe4b660000 - 0x00007ffe4b672000 	C:\Windows\SYSTEM32\kernel.appcore.dll
0x00007ffe3e810000 - 0x00007ffe3e81a000 	C:\Program Files\Android\Android Studio1\jbr\bin\jimage.dll
0x00007ffe3bb60000 - 0x00007ffe3bd44000 	C:\Windows\SYSTEM32\DBGHELP.DLL
0x00007ffe3b920000 - 0x00007ffe3b954000 	C:\Windows\SYSTEM32\dbgcore.DLL
0x00007ffe4da50000 - 0x00007ffe4dad2000 	C:\Windows\System32\bcryptPrimitives.dll
0x00007ffe3c400000 - 0x00007ffe3c425000 	C:\Program Files\Android\Android Studio1\jbr\bin\java.dll
0x00007ffe32000000 - 0x00007ffe32018000 	C:\Program Files\Android\Android Studio1\jbr\bin\zip.dll
0x00007ffe4f390000 - 0x00007ffe4fad5000 	C:\Windows\System32\SHELL32.dll
0x00007ffe4b860000 - 0x00007ffe4bffb000 	C:\Windows\SYSTEM32\windows.storage.dll
0x00007ffe4ed70000 - 0x00007ffe4f0c4000 	C:\Windows\System32\combase.dll
0x00007ffe4d210000 - 0x00007ffe4d23e000 	C:\Windows\SYSTEM32\Wldp.dll
0x00007ffe4fbb0000 - 0x00007ffe4fc5d000 	C:\Windows\System32\SHCORE.dll
0x00007ffe4e240000 - 0x00007ffe4e295000 	C:\Windows\System32\shlwapi.dll
0x00007ffe4d700000 - 0x00007ffe4d725000 	C:\Windows\SYSTEM32\profapi.dll
0x00007ffe46650000 - 0x00007ffe46669000 	C:\Program Files\Android\Android Studio1\jbr\bin\net.dll
0x00007ffe43100000 - 0x00007ffe4320a000 	C:\Windows\SYSTEM32\WINHTTP.dll
0x00007ffe4cf70000 - 0x00007ffe4cfda000 	C:\Windows\system32\mswsock.dll
0x00007ffe46630000 - 0x00007ffe46646000 	C:\Program Files\Android\Android Studio1\jbr\bin\nio.dll
0x00007ffe481d0000 - 0x00007ffe481e0000 	C:\Program Files\Android\Android Studio1\jbr\bin\verify.dll

dbghelp: loaded successfully - version: 4.0.5 - missing functions: none
symbol engine: initialized successfully - sym options: 0x614 - pdb path: .;C:\Program Files\Android\Android Studio1\jbr\bin;C:\Windows\SYSTEM32;C:\Windows\WinSxS\amd64_microsoft.windows.common-controls_6595b64144ccf1df_6.0.19041.1110_none_60b5254171f9507e;C:\Program Files\Android\Android Studio1\jbr\bin\server

VM Arguments:
java_command: org.jetbrains.kotlin.cli.jvm.K2JVMCompiler @C:\CODE_PLAYGROUND\Travist\app\build\20231011_1005311899471663962.compiler.options
java_class_path (initial): C:\Users\Khizar\.gradle\caches\modules-2\files-2.1\org.jetbrains.kotlin\kotlin-compiler-embeddable\1.7.10\909803167c98606fcf22b4c848647c68e351d48d\kotlin-compiler-embeddable-1.7.10.jar;C:\Users\Khizar\.gradle\caches\modules-2\files-2.1\org.jetbrains.kotlin\kotlin-reflect\1.7.10\165e600dfea6185cf5efa700756294cc4904dbeb\kotlin-reflect-1.7.10.jar;C:\Users\Khizar\.gradle\caches\modules-2\files-2.1\org.jetbrains.kotlin\kotlin-stdlib\1.7.10\d2abf9e77736acc4450dc4a3f707fa2c10f5099d\kotlin-stdlib-1.7.10.jar;C:\Users\Khizar\.gradle\caches\modules-2\files-2.1\org.jetbrains.kotlin\kotlin-script-runtime\1.7.10\c99c87a6988d8fd8d5142e9ed5c9f34a7cf561ee\kotlin-script-runtime-1.7.10.jar;C:\Users\Khizar\.gradle\caches\modules-2\files-2.1\org.jetbrains.kotlin\kotlin-daemon-embeddable\1.7.10\3a9f7aef7080d3ae63126cbba4f827ed664f32fa\kotlin-daemon-embeddable-1.7.10.jar;C:\Users\Khizar\.gradle\caches\modules-2\files-2.1\org.jetbrains.intellij.deps\trove4j\1.0.20200330\3afb14d5f9ceb459d724e907a21145e8ff394f02\trove4j-1.0.20200330.jar;C:\Users\Khizar\.gradle\caches\modules-2\files-2.1\net.java.dev.jna\jna\5.6.0\330f2244e9030119ab3030fc3fededc86713d9cc\jna-5.6.0.jar;C:\Users\Khizar\.gradle\caches\modules-2\files-2.1\org.jetbrains.kotlin\kotlin-stdlib-common\1.7.10\bac80c520d0a9e3f3673bc2658c6ed02ef45a76a\kotlin-stdlib-common-1.7.10.jar;C:\Users\Khizar\.gradle\caches\modules-2\files-2.1\org.jetbrains\annotations\13.0\919f0dfe192fb4e063e7dacadee7f8bb9a2672a9\annotations-13.0.jar
Launcher Type: SUN_STANDARD

[Global flags]
     intx CICompilerCount                          = 2                                         {product} {ergonomic}
     uint ConcGCThreads                            = 1                                         {product} {ergonomic}
     uint G1ConcRefinementThreads                  = 2                                         {product} {ergonomic}
   size_t G1HeapRegionSize                         = 1048576                                   {product} {ergonomic}
    uintx GCDrainStackTargetSize                   = 64                                        {product} {ergonomic}
   size_t InitialHeapSize                          = 58720256                                  {product} {ergonomic}
   size_t MarkStackSize                            = 4194304                                   {product} {ergonomic}
   size_t MaxHeapSize                              = 933232640                                 {product} {ergonomic}
   size_t MaxNewSize                               = 559939584                                 {product} {ergonomic}
   size_t MinHeapDeltaBytes                        = 1048576                                   {product} {ergonomic}
   size_t MinHeapSize                              = 8388608                                   {product} {ergonomic}
    uintx NonNMethodCodeHeapSize                   = 5826188                                {pd product} {ergonomic}
    uintx NonProfiledCodeHeapSize                  = 122916026                              {pd product} {ergonomic}
    uintx ProfiledCodeHeapSize                     = 122916026                              {pd product} {ergonomic}
    uintx ReservedCodeCacheSize                    = 251658240                              {pd product} {ergonomic}
     bool SegmentedCodeCache                       = true                                      {product} {ergonomic}
   size_t SoftMaxHeapSize                          = 933232640                              {manageable} {ergonomic}
     bool UseCompressedClassPointers               = true                           {product lp64_product} {ergonomic}
     bool UseCompressedOops                        = true                           {product lp64_product} {ergonomic}
     bool UseG1GC                                  = true                                      {product} {ergonomic}
     bool UseLargePagesIndividualAllocation        = false                                  {pd product} {ergonomic}

Logging:
Log output configuration:
 #0: stdout all=warning uptime,level,tags
 #1: stderr all=off uptime,level,tags

Environment Variables:
PATH=C:\Program Files (x86)\Common Files\Oracle\Java\javapath;C:\oraclexe\app\oracle\product\11.2.0\server\bin;;C:\Program Files (x86)\Common Files\Intel\Shared Libraries\redist\intel64\compiler;C:\Windows\system32;C:\Windows;C:\Windows\System32\Wbem;C:\Windows\System32\WindowsPowerShell\v1.0\;C:\Windows\System32\OpenSSH\;C:\Program Files (x86)\ATI Technologies\ATI.ACE\Core-Static;C:\Program Files\nodejs\;C:\ProgramData\chocolatey\bin;C:\Program Files\Git\cmd;C:\Program Files\MySQL\MySQL Shell 8.0\bin\;C:\Users\Khizar\AppData\Local\Microsoft\WindowsApps;C:\Program Files\JetBrains\IntelliJ IDEA Community Edition 2023.1.3\bin;;C:\Users\Khizar\AppData\Roaming\npm;C:\Users\Khizar\AppData\Local\Programs\Microsoft VS Code\bin;C:\Users\Khizar\AppData\Local\GitHubDesktop\bin
USERNAME=Khizar
OS=Windows_NT
PROCESSOR_IDENTIFIER=AMD64 Family 18 Model 1 Stepping 0, AuthenticAMD
TMP=C:\Users\Khizar\AppData\Local\Temp
TEMP=C:\Users\Khizar\AppData\Local\Temp


JNI global refs:
JNI global refs: 6, weak refs: 0

JNI global refs memory usage: 843, weak refs: 209


---------------  S Y S T E M  ---------------

OS:
 Windows 10 , 64 bit Build 19041 (10.0.19041.3393)
OS uptime: 0 days 22:12 hours

CPU: total 2 (initial active 2) (2 cores per cpu, 1 threads per core) family 18 model 1 stepping 0 microcode 0x0, cx8, cmov, fxsr, mmx, 3dnowpref, sse, sse2, sse3, sse4a, popcnt, lzcnt, tsc, tscinvbit, clflush

Memory: 4k page, system-wide physical 3552M (322M free)
TotalPageFile size 7648M (AvailPageFile size 3M)
current process WorkingSet (physical memory assigned to process): 157M, peak: 157M
current process commit charge ("private bytes"): 197M, peak: 197M

vm_info: OpenJDK 64-Bit Server VM (17.0.6+0-b2043.56-10027231) for windows-amd64 JRE (17.0.6+0-b2043.56-10027231), built on Apr 28 2023 00:43:19 by "androidbuild" with MS VC++ 16.10 / 16.11 (VS2019)

END.
